This file contains any messages produced by compilers while
running configure, to aid debugging if configure makes a mistake.

It was created by configure, which was
generated by GNU Autoconf 2.69.  Invocation command line was

  $ auto/configure --prefix=/usr/local --without-x --enable-autoservername --enable-pythoninterp=yes --disable-gui --srcdir=. --cache-file=auto/config.cache

## --------- ##
## Platform. ##
## --------- ##

hostname = Autobahn
uname -m = x86_64
uname -r = 4.16.0-amd64-mykern1-bfq-lowlatency+
uname -s = Linux
uname -v = #1 SMP PREEMPT Tue Apr 3 18:25:49 JST 2018

/usr/bin/uname -p = unknown
/bin/uname -X     = unknown

/bin/arch              = unknown
/usr/bin/arch -k       = unknown
/usr/convex/getsysinfo = unknown
/usr/bin/hostinfo      = unknown
/bin/machine           = unknown
/usr/bin/oslevel       = unknown
/bin/universe          = unknown

PATH: /usr/local/bin
PATH: /usr/bin
PATH: /bin
PATH: /usr/games
PATH: /home/sasai/local/bin
PATH: /home/sasai/perl5/bin
PATH: /home/sasai/local/lib/go/bin


## ----------- ##
## Core tests. ##
## ----------- ##

configure:2550: loading cache auto/config.cache
configure:2636: checking whether make sets $(MAKE)
configure:2658: result: yes
configure:2716: checking for gcc
configure:2743: result: gcc
configure:2972: checking for C compiler version
configure:2981: gcc --version >&5
gcc (Debian 6.3.0-18) 6.3.0 20170516
Copyright (C) 2016 Free Software Foundation, Inc.
This is free software; see the source for copying conditions.  There is NO
warranty; not even for MERCHANTABILITY or FITNESS FOR A PARTICULAR PURPOSE.

configure:2992: $? = 0
configure:2981: gcc -v >&5
Using built-in specs.
COLLECT_GCC=gcc
COLLECT_LTO_WRAPPER=/usr/lib/gcc/x86_64-linux-gnu/6/lto-wrapper
Target: x86_64-linux-gnu
Configured with: ../src/configure -v --with-pkgversion='Debian 6.3.0-18' --with-bugurl=file:///usr/share/doc/gcc-6/README.Bugs --enable-languages=c,ada,c++,java,go,d,fortran,objc,obj-c++ --prefix=/usr --program-suffix=-6 --program-prefix=x86_64-linux-gnu- --enable-shared --enable-linker-build-id --libexecdir=/usr/lib --without-included-gettext --enable-threads=posix --libdir=/usr/lib --enable-nls --with-sysroot=/ --enable-clocale=gnu --enable-libstdcxx-debug --enable-libstdcxx-time=yes --with-default-libstdcxx-abi=new --enable-gnu-unique-object --disable-vtable-verify --enable-libmpx --enable-plugin --enable-default-pie --with-system-zlib --disable-browser-plugin --enable-java-awt=gtk --enable-gtk-cairo --with-java-home=/usr/lib/jvm/java-1.5.0-gcj-6-amd64/jre --enable-java-home --with-jvm-root-dir=/usr/lib/jvm/java-1.5.0-gcj-6-amd64 --with-jvm-jar-dir=/usr/lib/jvm-exports/java-1.5.0-gcj-6-amd64 --with-arch-directory=amd64 --with-ecj-jar=/usr/share/java/eclipse-ecj.jar --with-target-system-zlib --enable-objc-gc=auto --enable-multiarch --with-arch-32=i686 --with-abi=m64 --with-multilib-list=m32,m64,mx32 --enable-multilib --with-arch=core2 --with-tune=core2 --enable-checking=release --build=x86_64-linux-gnu --host=x86_64-linux-gnu --target=x86_64-linux-gnu
Thread model: posix
gcc version 6.3.0 20170516 (Debian 6.3.0-18) 
configure:2992: $? = 0
configure:2981: gcc -V >&5
gcc: error: unrecognized command line option '-V'
gcc: fatal error: no input files
compilation terminated.
configure:2992: $? = 1
configure:2981: gcc -qversion >&5
gcc: error: unrecognized command line option '-qversion'; did you mean '--version'?
gcc: fatal error: no input files
compilation terminated.
configure:2992: $? = 1
configure:3012: checking whether the C compiler works
configure:3034: gcc -Wall -O3 -m64 -march=core2 -mtune=core2 -mmmx -msse -msse2 -mssse3 -msse4.1 -fomit-frame-pointer -fbranch-probabilities -pipe   conftest.c  >&5
configure:3038: $? = 0
configure:3086: result: yes
configure:3089: checking for C compiler default output file name
configure:3091: result: a.out
configure:3097: checking for suffix of executables
configure:3104: gcc -o conftest -Wall -O3 -m64 -march=core2 -mtune=core2 -mmmx -msse -msse2 -mssse3 -msse4.1 -fomit-frame-pointer -fbranch-probabilities -pipe   conftest.c  >&5
configure:3108: $? = 0
configure:3130: result: 
configure:3152: checking whether we are cross compiling
configure:3160: gcc -o conftest -Wall -O3 -m64 -march=core2 -mtune=core2 -mmmx -msse -msse2 -mssse3 -msse4.1 -fomit-frame-pointer -fbranch-probabilities -pipe   conftest.c  >&5
configure:3164: $? = 0
configure:3171: ./conftest
configure:3175: $? = 0
configure:3190: result: no
configure:3195: checking for suffix of object files
configure:3242: result: o
configure:3246: checking whether we are using the GNU C compiler
configure:3274: result: yes
configure:3283: checking whether gcc accepts -g
configure:3344: result: yes
configure:3361: checking for gcc option to accept ISO C89
configure:3437: result: none needed
configure:3457: checking for gcc option to accept ISO C99
configure:3619: result: none needed
configure:3638: checking how to run the C preprocessor
configure:3708: result: gcc -E
configure:3728: gcc -E  conftest.c
configure:3728: $? = 0
configure:3742: gcc -E  conftest.c
conftest.c:10:28: fatal error: ac_nonexistent.h: No such file or directory
 #include <ac_nonexistent.h>
                            ^
compilation terminated.
configure:3742: $? = 1
configure: failed program was:
| /* confdefs.h */
| #define PACKAGE_NAME ""
| #define PACKAGE_TARNAME ""
| #define PACKAGE_VERSION ""
| #define PACKAGE_STRING ""
| #define PACKAGE_BUGREPORT ""
| #define PACKAGE_URL ""
| #define UNIX 1
| /* end confdefs.h.  */
| #include <ac_nonexistent.h>
configure:3771: checking for grep that handles long lines and -e
configure:3829: result: /bin/grep
configure:3834: checking for egrep
configure:3896: result: /bin/grep -E
configure:3910: checking for fgrep
configure:3972: result: /bin/grep -F
configure:3976: checking for library containing strerror
configure:4024: result: none required
configure:4035: checking for gawk
configure:4062: result: gawk
configure:4075: checking for strip
configure:4103: result: strip
configure:4114: checking for ANSI C header files
configure:4218: result: yes
configure:4226: checking for sys/wait.h that is POSIX.1 compatible
configure:4259: result: yes
configure:4271: checking for unsigned long long int
configure:4319: result: yes
configure:4329: checking for long long int
configure:4379: result: yes
configure:4394: checking if the compiler supports trailing commas
configure:4411: gcc -c -Wall -O3 -m64 -march=core2 -mtune=core2 -mmmx -msse -msse2 -mssse3 -msse4.1 -fomit-frame-pointer -fbranch-probabilities -pipe  conftest.c >&5
configure:4411: $? = 0
configure:4412: result: yes
configure:4426: checking if the compiler supports C++ comments
configure:4440: gcc -c -Wall -O3 -m64 -march=core2 -mtune=core2 -mmmx -msse -msse2 -mssse3 -msse4.1 -fomit-frame-pointer -fbranch-probabilities -pipe  conftest.c >&5
configure:4440: $? = 0
configure:4441: result: yes
configure:4457: checking --enable-fail-if-missing argument
configure:4466: result: no
configure:4489: checking for clang version
configure:4510: result: N/A
configure:4525: checking for buggy tools...
configure:4532: checking for BeOS
configure:4538: result: no
configure:4542: checking for QNX
configure:4549: result: no
configure:4553: checking for Darwin (Mac OS X)
configure:4770: result: no
configure:4776: checking for AvailabilityMacros.h
configure:4776: result: no
configure:4791: checking --with-local-dir argument
configure:4815: result: Defaulting to /usr/local
configure:4840: checking --with-vim-name argument
configure:4848: result: Defaulting to vim
configure:4853: checking --with-ex-name argument
configure:4861: result: Defaulting to ex
configure:4866: checking --with-view-name argument
configure:4874: result: Defaulting to view
configure:4880: checking --with-global-runtime argument
configure:4891: result: no
configure:4896: checking --with-modified-by argument
configure:4907: result: no
configure:4912: checking if character set is EBCDIC
configure:4931: gcc -c -Wall -O3 -m64 -march=core2 -mtune=core2 -mmmx -msse -msse2 -mssse3 -msse4.1 -fomit-frame-pointer -fbranch-probabilities -pipe  conftest.c >&5
conftest.c: In function 'main':
conftest.c:23:1: error: unknown type name 'make'
 make an error "Character set is not EBCDIC"
 ^~~~
conftest.c:23:9: error: expected '=', ',', ';', 'asm' or '__attribute__' before 'error'
 make an error "Character set is not EBCDIC"
         ^~~~~
configure:4931: $? = 1
configure: failed program was:
| /* confdefs.h */
| #define PACKAGE_NAME ""
| #define PACKAGE_TARNAME ""
| #define PACKAGE_VERSION ""
| #define PACKAGE_STRING ""
| #define PACKAGE_BUGREPORT ""
| #define PACKAGE_URL ""
| #define UNIX 1
| #define STDC_HEADERS 1
| #define HAVE_SYS_WAIT_H 1
| #define HAVE_UNSIGNED_LONG_LONG_INT 1
| #define HAVE_LONG_LONG_INT 1
| /* end confdefs.h.  */
| 
| int
| main ()
| {
|  /* TryCompile function for CharSet.
|    Treat any failure as ASCII for compatibility with existing art.
|    Use compile-time rather than run-time tests for cross-compiler
|    tolerance.  */
| #if '0'!=240
| make an error "Character set is not EBCDIC"
| #endif
|   ;
|   return 0;
| }
configure:4941: result: no
configure:5002: checking --disable-smack argument
configure:5012: result: no
configure:5014: checking for linux/xattr.h
configure:5014: result: yes
configure:5027: checking for attr/xattr.h
configure:5027: result: no
configure:5101: checking --disable-selinux argument
configure:5111: result: no
configure:5113: checking for is_selinux_enabled in -lselinux
configure:5147: result: yes
configure:5150: checking for selinux/selinux.h
configure:5150: result: yes
configure:5167: checking --with-features argument
configure:5175: result: Defaulting to huge
configure:5203: checking --with-compiledby argument
configure:5211: result: no
configure:5217: checking --disable-xsmp argument
configure:5228: result: no
configure:5230: checking --disable-xsmp-interact argument
configure:5240: result: no
configure:5253: checking --enable-luainterp argument
configure:5262: result: no
configure:5593: checking --enable-mzschemeinterp argument
configure:5602: result: no
configure:5998: checking --enable-perlinterp argument
configure:6007: result: no
configure:6202: checking --enable-pythoninterp argument
configure:6211: result: yes
configure:6218: checking --with-python-command argument
configure:6227: result: no
configure:6281: checking Python version
configure:6290: result: 2.7
configure:6293: checking Python is 2.3 or better
configure:6298: result: yep
configure:6301: checking Python's install prefix
configure:6310: result: /usr
configure:6313: checking Python's execution prefix
configure:6322: result: /usr
configure:6344: checking Python's configuration directory
configure:6366: result: /usr/lib/python2.7/config-x86_64-linux-gnu
configure:6421: checking Python's dll name
configure:6434: result: libpython2.7.so.1.0
configure:6450: checking if -pthread should be used
configure:6480: gcc -o conftest -Wall -O3 -m64 -march=core2 -mtune=core2 -mmmx -msse -msse2 -mssse3 -msse4.1 -fomit-frame-pointer -fbranch-probabilities -pipe -pthread   -L/usr/local/lib conftest.c  -lselinux  >&5
configure:6480: $? = 0
configure:6481: result: yes
configure:6496: checking if compile and link flags for Python are sane
configure:6513: gcc -o conftest -Wall -O3 -m64 -march=core2 -mtune=core2 -mmmx -msse -msse2 -mssse3 -msse4.1 -fomit-frame-pointer -fbranch-probabilities -pipe -I/usr/include/python2.7 -pthread   -L/usr/local/lib conftest.c  -lselinux  -L/usr/lib/python2.7/config-x86_64-linux-gnu -lpython2.7 -lpthread -ldl -lutil -lm -Xlinker -export-dynamic -Wl,-O1 -Wl,-Bsymbolic-functions >&5
configure:6513: $? = 0
configure:6514: result: yes
configure:6552: checking --enable-python3interp argument
configure:6561: result: no
configure:7047: checking if -fPIE can be added for Python
configure:7064: gcc -o conftest -Wall -O3 -m64 -march=core2 -mtune=core2 -mmmx -msse -msse2 -mssse3 -msse4.1 -fomit-frame-pointer -fbranch-probabilities -pipe -I/usr/include/python2.7 -pthread -fPIE   -L/usr/local/lib conftest.c  -lselinux  -L/usr/lib/python2.7/config-x86_64-linux-gnu -lpython2.7 -lpthread -ldl -lutil -lm -Xlinker -export-dynamic -Wl,-O1 -Wl,-Bsymbolic-functions >&5
configure:7064: $? = 0
configure:7065: result: yes
configure:7119: checking --enable-tclinterp argument
configure:7128: result: no
configure:7474: checking --enable-rubyinterp argument
configure:7483: result: no
configure:7632: checking --enable-cscope argument
configure:7641: result: no
configure:7648: checking --enable-workshop argument
configure:7657: result: no
configure:7671: checking --disable-netbeans argument
configure:7686: result: no
configure:7694: checking --disable-channel argument
configure:7709: result: no
configure:7724: checking for socket in -lsocket
configure:7758: result: no
configure:7769: checking for gethostbyname in -lnsl
configure:7803: result: yes
configure:7814: checking whether compiling with process communication is possible
configure:7850: gcc -o conftest -Wall -O3 -m64 -march=core2 -mtune=core2 -mmmx -msse -msse2 -mssse3 -msse4.1 -fomit-frame-pointer -fbranch-probabilities -pipe   -L/usr/local/lib conftest.c -lnsl  -lselinux  >&5
configure:7850: $? = 0
configure:7851: result: yes
configure:7877: checking --enable-terminal argument
configure:7894: result: defaulting to yes
configure:7920: checking --enable-autoservername argument
configure:7929: result: yes
configure:7936: checking --enable-multibyte argument
configure:7945: result: no
configure:7952: checking --enable-hangulinput argument
configure:7961: result: no
configure:7964: checking --enable-xim argument
configure:7971: result: defaulting to auto
configure:7976: checking --enable-fontset argument
configure:7985: result: no
configure:7991: result: defaulting to: don't HAVE_X11
configure:9008: checking --enable-gui argument
configure:9069: result: no GUI support
configure:10495: checking for X11/SM/SMlib.h
configure:10495: result: yes
configure:10680: checking for /proc link to executable
configure:10683: result: /proc/self/exe
configure:10702: checking for CYGWIN or MSYS environment
configure:10720: result: no
configure:10740: checking whether toupper is broken
configure:10777: result: no
configure:10785: checking whether __DATE__ and __TIME__ work
configure:10798: gcc -c -Wall -O3 -m64 -march=core2 -mtune=core2 -mmmx -msse -msse2 -mssse3 -msse4.1 -fomit-frame-pointer -fbranch-probabilities -pipe  conftest.c >&5
configure:10798: $? = 0
configure:10799: result: yes
configure:10808: checking whether __attribute__((unused)) is allowed
configure:10821: gcc -c -Wall -O3 -m64 -march=core2 -mtune=core2 -mmmx -msse -msse2 -mssse3 -msse4.1 -fomit-frame-pointer -fbranch-probabilities -pipe  conftest.c >&5
configure:10821: $? = 0
configure:10822: result: yes
configure:10831: checking for elf.h
configure:10831: result: yes
configure:10838: checking for main in -lelf
configure:10866: result: yes
configure:10882: checking for dirent.h that defines DIR
configure:10909: result: yes
configure:10922: checking for library containing opendir
configure:10970: result: none required
configure:11078: checking for stdint.h
configure:11078: result: yes
configure:11078: checking for stdlib.h
configure:11078: result: yes
configure:11078: checking for string.h
configure:11078: result: yes
configure:11078: checking for sys/select.h
configure:11078: result: yes
configure:11078: checking for sys/utsname.h
configure:11078: result: yes
configure:11078: checking for termcap.h
configure:11078: result: yes
configure:11078: checking for fcntl.h
configure:11078: result: yes
configure:11078: checking for sgtty.h
configure:11078: result: yes
configure:11078: checking for sys/ioctl.h
configure:11078: result: yes
configure:11078: checking for sys/time.h
configure:11078: result: yes
configure:11078: checking for sys/types.h
configure:11078: result: yes
configure:11078: checking for termio.h
configure:11078: result: yes
configure:11078: checking for iconv.h
configure:11078: result: yes
configure:11078: checking for inttypes.h
configure:11078: result: yes
configure:11078: checking for langinfo.h
configure:11078: result: yes
configure:11078: checking for math.h
configure:11078: result: yes
configure:11078: checking for unistd.h
configure:11078: result: yes
configure:11078: checking for stropts.h
configure:11078: result: yes
configure:11078: checking for errno.h
configure:11078: result: yes
configure:11078: checking for sys/resource.h
configure:11078: result: yes
configure:11078: checking for sys/systeminfo.h
configure:11078: result: no
configure:11078: checking for locale.h
configure:11078: result: yes
configure:11078: checking for sys/stream.h
configure:11078: result: no
configure:11078: checking for termios.h
configure:11078: result: yes
configure:11078: checking for libc.h
configure:11078: result: no
configure:11078: checking for sys/statfs.h
configure:11078: result: yes
configure:11078: checking for poll.h
configure:11078: result: yes
configure:11078: checking for sys/poll.h
configure:11078: result: yes
configure:11078: checking for pwd.h
configure:11078: result: yes
configure:11078: checking for utime.h
configure:11078: result: yes
configure:11078: checking for sys/param.h
configure:11078: result: yes
configure:11078: checking for libintl.h
configure:11078: result: yes
configure:11078: checking for libgen.h
configure:11078: result: yes
configure:11078: checking for util/debug.h
configure:11078: result: no
configure:11078: checking for util/msg18n.h
configure:11078: result: no
configure:11078: checking for frame.h
configure:11078: result: no
configure:11078: checking for sys/acl.h
configure:11078: result: no
configure:11078: checking for sys/access.h
configure:11078: result: no
configure:11078: checking for sys/sysinfo.h
configure:11078: result: yes
configure:11078: checking for wchar.h
configure:11078: result: yes
configure:11078: checking for wctype.h
configure:11078: result: yes
configure:11091: checking for sys/ptem.h
configure:11091: result: no
configure:11107: checking for sys/sysctl.h
configure:11107: result: yes
configure:11122: checking for pthread_np.h
configure:11137: gcc -c -Wall -O3 -m64 -march=core2 -mtune=core2 -mmmx -msse -msse2 -mssse3 -msse4.1 -fomit-frame-pointer -fbranch-probabilities -pipe  conftest.c >&5
conftest.c:65:24: fatal error: pthread_np.h: No such file or directory
 #include <pthread_np.h>
                        ^
compilation terminated.
configure:11137: $? = 1
configure: failed program was:
| /* confdefs.h */
| #define PACKAGE_NAME ""
| #define PACKAGE_TARNAME ""
| #define PACKAGE_VERSION ""
| #define PACKAGE_STRING ""
| #define PACKAGE_BUGREPORT ""
| #define PACKAGE_URL ""
| #define UNIX 1
| #define STDC_HEADERS 1
| #define HAVE_SYS_WAIT_H 1
| #define HAVE_UNSIGNED_LONG_LONG_INT 1
| #define HAVE_LONG_LONG_INT 1
| #define HAVE_SELINUX 1
| #define FEAT_HUGE 1
| #define USE_XSMP_INTERACT 1
| #define FEAT_PYTHON 1
| #define HAVE_LIBNSL 1
| #define FEAT_NETBEANS_INTG 1
| #define FEAT_JOB_CHANNEL 1
| #define FEAT_TERMINAL 1
| #define FEAT_AUTOSERVERNAME 1
| #define HAVE_X11_SM_SMLIB_H 1
| #define PROC_EXE_LINK "/proc/self/exe"
| #define HAVE_DATE_TIME 1
| #define HAVE_ATTRIBUTE_UNUSED 1
| #define HAVE_LIBELF 1
| #define HAVE_DIRENT_H 1
| #define HAVE_STDINT_H 1
| #define HAVE_STDLIB_H 1
| #define HAVE_STRING_H 1
| #define HAVE_SYS_SELECT_H 1
| #define HAVE_SYS_UTSNAME_H 1
| #define HAVE_TERMCAP_H 1
| #define HAVE_FCNTL_H 1
| #define HAVE_SGTTY_H 1
| #define HAVE_SYS_IOCTL_H 1
| #define HAVE_SYS_TIME_H 1
| #define HAVE_SYS_TYPES_H 1
| #define HAVE_TERMIO_H 1
| #define HAVE_ICONV_H 1
| #define HAVE_INTTYPES_H 1
| #define HAVE_LANGINFO_H 1
| #define HAVE_MATH_H 1
| #define HAVE_UNISTD_H 1
| #define HAVE_STROPTS_H 1
| #define HAVE_ERRNO_H 1
| #define HAVE_SYS_RESOURCE_H 1
| #define HAVE_LOCALE_H 1
| #define HAVE_TERMIOS_H 1
| #define HAVE_SYS_STATFS_H 1
| #define HAVE_POLL_H 1
| #define HAVE_SYS_POLL_H 1
| #define HAVE_PWD_H 1
| #define HAVE_UTIME_H 1
| #define HAVE_SYS_PARAM_H 1
| #define HAVE_LIBINTL_H 1
| #define HAVE_LIBGEN_H 1
| #define HAVE_SYS_SYSINFO_H 1
| #define HAVE_WCHAR_H 1
| #define HAVE_WCTYPE_H 1
| #define HAVE_SYS_SYSCTL_H 1
| /* end confdefs.h.  */
| 
| #include <pthread.h>
| #include <pthread_np.h>
| int
| main ()
| {
| int i; i = 0;
|   ;
|   return 0;
| }
configure:11143: result: no
configure:11150: checking for strings.h
configure:11150: result: yes
configure:11165: checking if strings.h can be included after string.h
configure:11194: gcc -c -Wall -O3 -m64 -march=core2 -mtune=core2 -mmmx -msse -msse2 -mssse3 -msse4.1 -fomit-frame-pointer -fbranch-probabilities -pipe   conftest.c >&5
conftest.c: In function 'main':
conftest.c:82:5: warning: variable 'i' set but not used [-Wunused-but-set-variable]
 int i; i = 0;
     ^
configure:11194: $? = 0
configure:11195: result: yes
configure:11208: checking whether gcc needs -traditional
configure:11242: result: no
configure:11249: checking for an ANSI C-conforming const
configure:11322: result: yes
configure:11330: checking for working volatile
configure:11356: result: yes
configure:11364: checking for mode_t
configure:11364: result: yes
configure:11375: checking for off_t
configure:11375: result: yes
configure:11386: checking for pid_t
configure:11386: result: yes
configure:11397: checking for size_t
configure:11397: result: yes
configure:11408: checking for uid_t in sys/types.h
configure:11427: result: yes
configure:11438: checking for uint32_t
configure:11438: result: yes
configure:11453: checking whether time.h and sys/time.h may both be included
configure:11480: result: yes
configure:11488: checking for ino_t
configure:11488: result: yes
configure:11499: checking for dev_t
configure:11499: result: yes
configure:11510: checking whether byte ordering is bigendian
configure:11716: result: no
configure:11734: checking for inline
configure:11758: result: inline
configure:11777: checking for rlim_t
configure:11780: result: (cached) yes
configure:11813: checking for stack_t
configure:11816: result: (cached) yes
configure:11847: checking whether stack_t has an ss_base field
configure:11868: gcc -c -Wall -O3 -m64 -march=core2 -mtune=core2 -mmmx -msse -msse2 -mssse3 -msse4.1 -fomit-frame-pointer -fbranch-probabilities -pipe  conftest.c >&5
conftest.c: In function 'main':
conftest.c:77:23: error: 'stack_t {aka struct sigaltstack}' has no member named 'ss_base'; did you mean 'ss_sp'?
 stack_t sigstk; sigstk.ss_base = 0;
                       ^
conftest.c:77:9: warning: variable 'sigstk' set but not used [-Wunused-but-set-variable]
 stack_t sigstk; sigstk.ss_base = 0;
         ^~~~~~
configure:11868: $? = 1
configure: failed program was:
| /* confdefs.h */
| #define PACKAGE_NAME ""
| #define PACKAGE_TARNAME ""
| #define PACKAGE_VERSION ""
| #define PACKAGE_STRING ""
| #define PACKAGE_BUGREPORT ""
| #define PACKAGE_URL ""
| #define UNIX 1
| #define STDC_HEADERS 1
| #define HAVE_SYS_WAIT_H 1
| #define HAVE_UNSIGNED_LONG_LONG_INT 1
| #define HAVE_LONG_LONG_INT 1
| #define HAVE_SELINUX 1
| #define FEAT_HUGE 1
| #define USE_XSMP_INTERACT 1
| #define FEAT_PYTHON 1
| #define HAVE_LIBNSL 1
| #define FEAT_NETBEANS_INTG 1
| #define FEAT_JOB_CHANNEL 1
| #define FEAT_TERMINAL 1
| #define FEAT_AUTOSERVERNAME 1
| #define HAVE_X11_SM_SMLIB_H 1
| #define PROC_EXE_LINK "/proc/self/exe"
| #define HAVE_DATE_TIME 1
| #define HAVE_ATTRIBUTE_UNUSED 1
| #define HAVE_LIBELF 1
| #define HAVE_DIRENT_H 1
| #define HAVE_STDINT_H 1
| #define HAVE_STDLIB_H 1
| #define HAVE_STRING_H 1
| #define HAVE_SYS_SELECT_H 1
| #define HAVE_SYS_UTSNAME_H 1
| #define HAVE_TERMCAP_H 1
| #define HAVE_FCNTL_H 1
| #define HAVE_SGTTY_H 1
| #define HAVE_SYS_IOCTL_H 1
| #define HAVE_SYS_TIME_H 1
| #define HAVE_SYS_TYPES_H 1
| #define HAVE_TERMIO_H 1
| #define HAVE_ICONV_H 1
| #define HAVE_INTTYPES_H 1
| #define HAVE_LANGINFO_H 1
| #define HAVE_MATH_H 1
| #define HAVE_UNISTD_H 1
| #define HAVE_STROPTS_H 1
| #define HAVE_ERRNO_H 1
| #define HAVE_SYS_RESOURCE_H 1
| #define HAVE_LOCALE_H 1
| #define HAVE_TERMIOS_H 1
| #define HAVE_SYS_STATFS_H 1
| #define HAVE_POLL_H 1
| #define HAVE_SYS_POLL_H 1
| #define HAVE_PWD_H 1
| #define HAVE_UTIME_H 1
| #define HAVE_SYS_PARAM_H 1
| #define HAVE_LIBINTL_H 1
| #define HAVE_LIBGEN_H 1
| #define HAVE_SYS_SYSINFO_H 1
| #define HAVE_WCHAR_H 1
| #define HAVE_WCTYPE_H 1
| #define HAVE_SYS_SYSCTL_H 1
| #define HAVE_STRINGS_H 1
| #define TIME_WITH_SYS_TIME 1
| /* end confdefs.h.  */
| 
| #include <sys/types.h>
| #if STDC_HEADERS
| # include <stdlib.h>
| # include <stddef.h>
| #endif
| #include <signal.h>
| #include "confdefs.h"
| 
| int
| main ()
| {
| stack_t sigstk; sigstk.ss_base = 0;
|   ;
|   return 0;
| }
configure:11873: result: no
configure:11879: checking --with-tlib argument
configure:11914: result: empty: automatic terminal library selection
configure:11922: checking for tgetent in -ltinfo
configure:11957: result: yes
configure:11984: gcc -o conftest -Wall -O3 -m64 -march=core2 -mtune=core2 -mmmx -msse -msse2 -mssse3 -msse4.1 -fomit-frame-pointer -fbranch-probabilities -pipe   -L/usr/local/lib conftest.c -ltinfo -lelf -lnsl  -lselinux  >&5
conftest.c:74:1: warning: return type defaults to 'int' [-Wimplicit-int]
 main() {char *s; s=(char *)tgoto("%p1%d", 0, 1); exit(0); }
 ^~~~
conftest.c: In function 'main':
conftest.c:74:15: warning: variable 's' set but not used [-Wunused-but-set-variable]
 main() {char *s; s=(char *)tgoto("%p1%d", 0, 1); exit(0); }
               ^
configure:11984: $? = 0
configure:11984: ./conftest
configure:11984: $? = 0
configure:12033: checking whether we talk terminfo
configure:12077: result: yes
configure:12085: checking what tgetent() returns for an unknown terminal
configure:12126: result: zero
configure:12134: checking whether termcap.h contains ospeed
configure:12151: gcc -o conftest -Wall -O3 -m64 -march=core2 -mtune=core2 -mmmx -msse -msse2 -mssse3 -msse4.1 -fomit-frame-pointer -fbranch-probabilities -pipe   -L/usr/local/lib conftest.c -ltinfo -lelf -lnsl  -lselinux  >&5
configure:12151: $? = 0
configure:12152: result: yes
configure:12191: checking whether termcap.h contains UP, BC and PC
configure:12208: gcc -o conftest -Wall -O3 -m64 -march=core2 -mtune=core2 -mmmx -msse -msse2 -mssse3 -msse4.1 -fomit-frame-pointer -fbranch-probabilities -pipe   -L/usr/local/lib conftest.c -ltinfo -lelf -lnsl  -lselinux  >&5
configure:12208: $? = 0
configure:12209: result: yes
configure:12248: checking whether tputs() uses outfuntype
configure:12265: gcc -c -Wall -O3 -m64 -march=core2 -mtune=core2 -mmmx -msse -msse2 -mssse3 -msse4.1 -fomit-frame-pointer -fbranch-probabilities -pipe  conftest.c >&5
conftest.c: In function 'main':
conftest.c:78:36: error: 'outfuntype' undeclared (first use in this function)
 extern int xx(); tputs("test", 1, (outfuntype)xx)
                                    ^~~~~~~~~~
conftest.c:78:36: note: each undeclared identifier is reported only once for each function it appears in
conftest.c:78:47: error: expected ')' before 'xx'
 extern int xx(); tputs("test", 1, (outfuntype)xx)
                                               ^~
configure:12265: $? = 1
configure: failed program was:
| /* confdefs.h */
| #define PACKAGE_NAME ""
| #define PACKAGE_TARNAME ""
| #define PACKAGE_VERSION ""
| #define PACKAGE_STRING ""
| #define PACKAGE_BUGREPORT ""
| #define PACKAGE_URL ""
| #define UNIX 1
| #define STDC_HEADERS 1
| #define HAVE_SYS_WAIT_H 1
| #define HAVE_UNSIGNED_LONG_LONG_INT 1
| #define HAVE_LONG_LONG_INT 1
| #define HAVE_SELINUX 1
| #define FEAT_HUGE 1
| #define USE_XSMP_INTERACT 1
| #define FEAT_PYTHON 1
| #define HAVE_LIBNSL 1
| #define FEAT_NETBEANS_INTG 1
| #define FEAT_JOB_CHANNEL 1
| #define FEAT_TERMINAL 1
| #define FEAT_AUTOSERVERNAME 1
| #define HAVE_X11_SM_SMLIB_H 1
| #define PROC_EXE_LINK "/proc/self/exe"
| #define HAVE_DATE_TIME 1
| #define HAVE_ATTRIBUTE_UNUSED 1
| #define HAVE_LIBELF 1
| #define HAVE_DIRENT_H 1
| #define HAVE_STDINT_H 1
| #define HAVE_STDLIB_H 1
| #define HAVE_STRING_H 1
| #define HAVE_SYS_SELECT_H 1
| #define HAVE_SYS_UTSNAME_H 1
| #define HAVE_TERMCAP_H 1
| #define HAVE_FCNTL_H 1
| #define HAVE_SGTTY_H 1
| #define HAVE_SYS_IOCTL_H 1
| #define HAVE_SYS_TIME_H 1
| #define HAVE_SYS_TYPES_H 1
| #define HAVE_TERMIO_H 1
| #define HAVE_ICONV_H 1
| #define HAVE_INTTYPES_H 1
| #define HAVE_LANGINFO_H 1
| #define HAVE_MATH_H 1
| #define HAVE_UNISTD_H 1
| #define HAVE_STROPTS_H 1
| #define HAVE_ERRNO_H 1
| #define HAVE_SYS_RESOURCE_H 1
| #define HAVE_LOCALE_H 1
| #define HAVE_TERMIOS_H 1
| #define HAVE_SYS_STATFS_H 1
| #define HAVE_POLL_H 1
| #define HAVE_SYS_POLL_H 1
| #define HAVE_PWD_H 1
| #define HAVE_UTIME_H 1
| #define HAVE_SYS_PARAM_H 1
| #define HAVE_LIBINTL_H 1
| #define HAVE_LIBGEN_H 1
| #define HAVE_SYS_SYSINFO_H 1
| #define HAVE_WCHAR_H 1
| #define HAVE_WCTYPE_H 1
| #define HAVE_SYS_SYSCTL_H 1
| #define HAVE_STRINGS_H 1
| #define TIME_WITH_SYS_TIME 1
| #define HAVE_LIBTINFO 1
| #define TERMINFO 1
| #define TGETENT_ZERO_ERR 0
| #define HAVE_OSPEED 1
| #define HAVE_UP_BC_PC 1
| /* end confdefs.h.  */
| 
| #ifdef HAVE_TERMCAP_H
| # include <termcap.h>
| #endif
| 
| int
| main ()
| {
| extern int xx(); tputs("test", 1, (outfuntype)xx)
|   ;
|   return 0;
| }
configure:12270: result: no
configure:12275: checking whether sys/select.h and sys/time.h may both be included
configure:12291: gcc -c -Wall -O3 -m64 -march=core2 -mtune=core2 -mmmx -msse -msse2 -mssse3 -msse4.1 -fomit-frame-pointer -fbranch-probabilities -pipe  conftest.c >&5
configure:12291: $? = 0
configure:12292: result: yes
configure:12303: checking for /dev/ptc
configure:12311: result: no
configure:12315: checking for SVR4 ptys
configure:12329: gcc -o conftest -Wall -O3 -m64 -march=core2 -mtune=core2 -mmmx -msse -msse2 -mssse3 -msse4.1 -fomit-frame-pointer -fbranch-probabilities -pipe   -L/usr/local/lib conftest.c -ltinfo -lelf -lnsl  -lselinux  >&5
conftest.c: In function 'main':
conftest.c:75:1: warning: implicit declaration of function 'ptsname' [-Wimplicit-function-declaration]
 ptsname(0);grantpt(0);unlockpt(0);
 ^~~~~~~
conftest.c:75:12: warning: implicit declaration of function 'grantpt' [-Wimplicit-function-declaration]
 ptsname(0);grantpt(0);unlockpt(0);
            ^~~~~~~
conftest.c:75:23: warning: implicit declaration of function 'unlockpt' [-Wimplicit-function-declaration]
 ptsname(0);grantpt(0);unlockpt(0);
                       ^~~~~~~~
configure:12329: $? = 0
configure:12330: result: yes
configure:12344: checking for ptyranges
configure:12380: result: don't know
configure:12385: checking default tty permissions/group
configure:12464: result: world
configure:12482: checking return type of signal handlers
configure:12507: result: void
configure:12524: checking for struct sigcontext
configure:12544: gcc -c -Wall -O3 -m64 -march=core2 -mtune=core2 -mmmx -msse -msse2 -mssse3 -msse4.1 -fomit-frame-pointer -fbranch-probabilities -pipe  conftest.c >&5
conftest.c:76:1: warning: return type defaults to 'int' [-Wimplicit-int]
 test_sig()
 ^~~~~~~~
conftest.c: In function 'test_sig':
conftest.c:78:24: warning: variable 'scont' set but not used [-Wunused-but-set-variable]
     struct sigcontext *scont;
                        ^~~~~
configure:12544: $? = 0
configure:12545: result: yes
configure:12555: checking getcwd implementation is broken
configure:12598: result: no
configure:12615: checking for fchdir
configure:12615: result: yes
configure:12615: checking for fchown
configure:12615: result: yes
configure:12615: checking for fchmod
configure:12615: result: yes
configure:12615: checking for fsync
configure:12615: result: yes
configure:12615: checking for getcwd
configure:12615: result: yes
configure:12615: checking for getpseudotty
configure:12615: result: no
configure:12615: checking for getpwent
configure:12615: result: yes
configure:12615: checking for getpwnam
configure:12615: result: yes
configure:12615: checking for getpwuid
configure:12615: result: yes
configure:12615: checking for getrlimit
configure:12615: result: yes
configure:12615: checking for gettimeofday
configure:12615: result: yes
configure:12615: checking for getwd
configure:12615: result: yes
configure:12615: checking for lstat
configure:12615: result: yes
configure:12615: checking for memset
configure:12615: result: yes
configure:12615: checking for mkdtemp
configure:12615: result: yes
configure:12615: checking for nanosleep
configure:12615: result: yes
configure:12615: checking for opendir
configure:12615: result: yes
configure:12615: checking for putenv
configure:12615: result: yes
configure:12615: checking for qsort
configure:12615: result: yes
configure:12615: checking for readlink
configure:12615: result: yes
configure:12615: checking for select
configure:12615: result: yes
configure:12615: checking for setenv
configure:12615: result: yes
configure:12615: checking for getpgid
configure:12615: result: yes
configure:12615: checking for setpgid
configure:12615: result: yes
configure:12615: checking for setsid
configure:12615: result: yes
configure:12615: checking for sigaltstack
configure:12615: result: yes
configure:12615: checking for sigstack
configure:12615: result: yes
configure:12615: checking for sigset
configure:12615: result: yes
configure:12615: checking for sigsetjmp
configure:12615: result: no
configure:12615: checking for sigaction
configure:12615: result: yes
configure:12615: checking for sigprocmask
configure:12615: result: yes
configure:12615: checking for sigvec
configure:12615: result: no
configure:12615: checking for strcasecmp
configure:12615: result: yes
configure:12615: checking for strerror
configure:12615: result: yes
configure:12615: checking for strftime
configure:12615: result: yes
configure:12615: checking for stricmp
configure:12615: result: no
configure:12615: checking for strncasecmp
configure:12615: result: yes
configure:12615: checking for strnicmp
configure:12615: result: no
configure:12615: checking for strpbrk
configure:12615: result: yes
configure:12615: checking for strtol
configure:12615: result: yes
configure:12615: checking for tgetent
configure:12615: result: yes
configure:12615: checking for towlower
configure:12615: result: yes
configure:12615: checking for towupper
configure:12615: result: yes
configure:12615: checking for iswupper
configure:12615: result: yes
configure:12615: checking for usleep
configure:12615: result: yes
configure:12615: checking for utime
configure:12615: result: yes
configure:12615: checking for utimes
configure:12615: result: yes
configure:12615: checking for mblen
configure:12615: result: yes
configure:12615: checking for ftruncate
configure:12615: result: yes
configure:12615: checking for unsetenv
configure:12615: result: yes
configure:12624: checking for _LARGEFILE_SOURCE value needed for large files
configure:12671: result: no
configure:12700: checking for special C compiler options needed for large files
configure:12745: result: no
configure:12751: checking for _FILE_OFFSET_BITS value needed for large files
configure:12808: result: no
configure:12894: checking for st_blksize
configure:12912: gcc -c -Wall -O3 -m64 -march=core2 -mtune=core2 -mmmx -msse -msse2 -mssse3 -msse4.1 -fomit-frame-pointer -fbranch-probabilities -pipe  conftest.c >&5
conftest.c: In function 'main':
conftest.c:127:6: warning: variable 'n' set but not used [-Wunused-but-set-variable]
  int n;
      ^
configure:12912: $? = 0
configure:12913: result: yes
configure:12922: checking whether stat() ignores a trailing slash
configure:12961: result: no
configure:12969: checking for iconv_open()
configure:12988: gcc -o conftest -Wall -O3 -m64 -march=core2 -mtune=core2 -mmmx -msse -msse2 -mssse3 -msse4.1 -fomit-frame-pointer -fbranch-probabilities -pipe   -L/usr/local/lib conftest.c -ltinfo -lelf -lnsl  -lselinux  -liconv >&5
/usr/bin/ld: cannot find -liconv
collect2: error: ld returned 1 exit status
configure:12988: $? = 1
configure: failed program was:
| /* confdefs.h */
| #define PACKAGE_NAME ""
| #define PACKAGE_TARNAME ""
| #define PACKAGE_VERSION ""
| #define PACKAGE_STRING ""
| #define PACKAGE_BUGREPORT ""
| #define PACKAGE_URL ""
| #define UNIX 1
| #define STDC_HEADERS 1
| #define HAVE_SYS_WAIT_H 1
| #define HAVE_UNSIGNED_LONG_LONG_INT 1
| #define HAVE_LONG_LONG_INT 1
| #define HAVE_SELINUX 1
| #define FEAT_HUGE 1
| #define USE_XSMP_INTERACT 1
| #define FEAT_PYTHON 1
| #define HAVE_LIBNSL 1
| #define FEAT_NETBEANS_INTG 1
| #define FEAT_JOB_CHANNEL 1
| #define FEAT_TERMINAL 1
| #define FEAT_AUTOSERVERNAME 1
| #define HAVE_X11_SM_SMLIB_H 1
| #define PROC_EXE_LINK "/proc/self/exe"
| #define HAVE_DATE_TIME 1
| #define HAVE_ATTRIBUTE_UNUSED 1
| #define HAVE_LIBELF 1
| #define HAVE_DIRENT_H 1
| #define HAVE_STDINT_H 1
| #define HAVE_STDLIB_H 1
| #define HAVE_STRING_H 1
| #define HAVE_SYS_SELECT_H 1
| #define HAVE_SYS_UTSNAME_H 1
| #define HAVE_TERMCAP_H 1
| #define HAVE_FCNTL_H 1
| #define HAVE_SGTTY_H 1
| #define HAVE_SYS_IOCTL_H 1
| #define HAVE_SYS_TIME_H 1
| #define HAVE_SYS_TYPES_H 1
| #define HAVE_TERMIO_H 1
| #define HAVE_ICONV_H 1
| #define HAVE_INTTYPES_H 1
| #define HAVE_LANGINFO_H 1
| #define HAVE_MATH_H 1
| #define HAVE_UNISTD_H 1
| #define HAVE_STROPTS_H 1
| #define HAVE_ERRNO_H 1
| #define HAVE_SYS_RESOURCE_H 1
| #define HAVE_LOCALE_H 1
| #define HAVE_TERMIOS_H 1
| #define HAVE_SYS_STATFS_H 1
| #define HAVE_POLL_H 1
| #define HAVE_SYS_POLL_H 1
| #define HAVE_PWD_H 1
| #define HAVE_UTIME_H 1
| #define HAVE_SYS_PARAM_H 1
| #define HAVE_LIBINTL_H 1
| #define HAVE_LIBGEN_H 1
| #define HAVE_SYS_SYSINFO_H 1
| #define HAVE_WCHAR_H 1
| #define HAVE_WCTYPE_H 1
| #define HAVE_SYS_SYSCTL_H 1
| #define HAVE_STRINGS_H 1
| #define TIME_WITH_SYS_TIME 1
| #define HAVE_LIBTINFO 1
| #define TERMINFO 1
| #define TGETENT_ZERO_ERR 0
| #define HAVE_OSPEED 1
| #define HAVE_UP_BC_PC 1
| #define SYS_SELECT_WITH_SYS_TIME 1
| #define HAVE_SVR4_PTYS 1
| #define RETSIGTYPE void
| #define SIGRETURN return
| #define HAVE_SIGCONTEXT 1
| #define HAVE_FCHDIR 1
| #define HAVE_FCHOWN 1
| #define HAVE_FCHMOD 1
| #define HAVE_FSYNC 1
| #define HAVE_GETCWD 1
| #define HAVE_GETPWENT 1
| #define HAVE_GETPWNAM 1
| #define HAVE_GETPWUID 1
| #define HAVE_GETRLIMIT 1
| #define HAVE_GETTIMEOFDAY 1
| #define HAVE_GETWD 1
| #define HAVE_LSTAT 1
| #define HAVE_MEMSET 1
| #define HAVE_MKDTEMP 1
| #define HAVE_NANOSLEEP 1
| #define HAVE_OPENDIR 1
| #define HAVE_PUTENV 1
| #define HAVE_QSORT 1
| #define HAVE_READLINK 1
| #define HAVE_SELECT 1
| #define HAVE_SETENV 1
| #define HAVE_GETPGID 1
| #define HAVE_SETPGID 1
| #define HAVE_SETSID 1
| #define HAVE_SIGALTSTACK 1
| #define HAVE_SIGSTACK 1
| #define HAVE_SIGSET 1
| #define HAVE_SIGACTION 1
| #define HAVE_SIGPROCMASK 1
| #define HAVE_STRCASECMP 1
| #define HAVE_STRERROR 1
| #define HAVE_STRFTIME 1
| #define HAVE_STRNCASECMP 1
| #define HAVE_STRPBRK 1
| #define HAVE_STRTOL 1
| #define HAVE_TGETENT 1
| #define HAVE_TOWLOWER 1
| #define HAVE_TOWUPPER 1
| #define HAVE_ISWUPPER 1
| #define HAVE_USLEEP 1
| #define HAVE_UTIME 1
| #define HAVE_UTIMES 1
| #define HAVE_MBLEN 1
| #define HAVE_FTRUNCATE 1
| #define HAVE_UNSETENV 1
| #define HAVE_FSEEKO 1
| #define HAVE_ST_BLKSIZE 1
| /* end confdefs.h.  */
| 
| #ifdef HAVE_ICONV_H
| # include <iconv.h>
| #endif
| 
| int
| main ()
| {
| iconv_open("fr", "to");
|   ;
|   return 0;
| }
configure:13009: gcc -o conftest -Wall -O3 -m64 -march=core2 -mtune=core2 -mmmx -msse -msse2 -mssse3 -msse4.1 -fomit-frame-pointer -fbranch-probabilities -pipe   -L/usr/local/lib conftest.c -ltinfo -lelf -lnsl  -lselinux  >&5
configure:13009: $? = 0
configure:13010: result: yes
configure:13024: checking for nl_langinfo(CODESET)
configure:13041: gcc -o conftest -Wall -O3 -m64 -march=core2 -mtune=core2 -mmmx -msse -msse2 -mssse3 -msse4.1 -fomit-frame-pointer -fbranch-probabilities -pipe   -L/usr/local/lib conftest.c -ltinfo -lelf -lnsl  -lselinux  >&5
conftest.c: In function 'main':
conftest.c:131:7: warning: unused variable 'cs' [-Wunused-variable]
 char *cs = nl_langinfo(CODESET);
       ^~
configure:13041: $? = 0
configure:13042: result: yes
configure:13052: checking for strtod in -lm
configure:13086: result: yes
configure:13097: checking for strtod() and other floating point functions
configure:13129: gcc -o conftest -Wall -O3 -m64 -march=core2 -mtune=core2 -mmmx -msse -msse2 -mssse3 -msse4.1 -fomit-frame-pointer -fbranch-probabilities -pipe   -L/usr/local/lib conftest.c -lm -ltinfo -lelf -lnsl  -lselinux  >&5
conftest.c: In function 'main':
conftest.c:137:17: warning: variable 'd' set but not used [-Wunused-but-set-variable]
 char *s; double d;
                 ^
configure:13129: $? = 0
configure:13130: result: yes
configure:13140: checking for isinf()
configure:13161: gcc -o conftest -Wall -O3 -m64 -march=core2 -mtune=core2 -mmmx -msse -msse2 -mssse3 -msse4.1 -fomit-frame-pointer -fbranch-probabilities -pipe   -L/usr/local/lib conftest.c -lm -ltinfo -lelf -lnsl  -lselinux  >&5
conftest.c: In function 'main':
conftest.c:138:5: warning: unused variable 'r' [-Wunused-variable]
 int r = isinf(1.11);
     ^
configure:13161: $? = 0
configure:13162: result: yes
configure:13172: checking for isnan()
configure:13193: gcc -o conftest -Wall -O3 -m64 -march=core2 -mtune=core2 -mmmx -msse -msse2 -mssse3 -msse4.1 -fomit-frame-pointer -fbranch-probabilities -pipe   -L/usr/local/lib conftest.c -lm -ltinfo -lelf -lnsl  -lselinux  >&5
conftest.c: In function 'main':
conftest.c:139:5: warning: unused variable 'r' [-Wunused-variable]
 int r = isnan(1.11);
     ^
configure:13193: $? = 0
configure:13194: result: yes
configure:13204: checking --disable-acl argument
configure:13214: result: no
configure:13216: checking for acl_get_file in -lposix1e
configure:13250: result: no
configure:13255: checking for acl_get_file in -lacl
configure:13289: result: no
configure:13338: checking for POSIX ACL support
configure:13358: gcc -o conftest -Wall -O3 -m64 -march=core2 -mtune=core2 -mmmx -msse -msse2 -mssse3 -msse4.1 -fomit-frame-pointer -fbranch-probabilities -pipe   -L/usr/local/lib conftest.c -lm -ltinfo -lelf -lnsl  -lselinux  >&5
conftest.c:133:1: error: unknown type name 'acl_t'
 acl_t acl;
 ^~~~~
conftest.c: In function 'main':
conftest.c:137:7: warning: implicit declaration of function 'acl_get_file' [-Wimplicit-function-declaration]
 acl = acl_get_file("foo", ACL_TYPE_ACCESS);
       ^~~~~~~~~~~~
conftest.c:137:27: error: 'ACL_TYPE_ACCESS' undeclared (first use in this function)
 acl = acl_get_file("foo", ACL_TYPE_ACCESS);
                           ^~~~~~~~~~~~~~~
conftest.c:137:27: note: each undeclared identifier is reported only once for each function it appears in
conftest.c:138:2: warning: implicit declaration of function 'acl_set_file' [-Wimplicit-function-declaration]
  acl_set_file("foo", ACL_TYPE_ACCESS, acl);
  ^~~~~~~~~~~~
conftest.c:139:2: warning: implicit declaration of function 'acl_free' [-Wimplicit-function-declaration]
  acl_free(acl);
  ^~~~~~~~
configure:13358: $? = 1
configure: failed program was:
| /* confdefs.h */
| #define PACKAGE_NAME ""
| #define PACKAGE_TARNAME ""
| #define PACKAGE_VERSION ""
| #define PACKAGE_STRING ""
| #define PACKAGE_BUGREPORT ""
| #define PACKAGE_URL ""
| #define UNIX 1
| #define STDC_HEADERS 1
| #define HAVE_SYS_WAIT_H 1
| #define HAVE_UNSIGNED_LONG_LONG_INT 1
| #define HAVE_LONG_LONG_INT 1
| #define HAVE_SELINUX 1
| #define FEAT_HUGE 1
| #define USE_XSMP_INTERACT 1
| #define FEAT_PYTHON 1
| #define HAVE_LIBNSL 1
| #define FEAT_NETBEANS_INTG 1
| #define FEAT_JOB_CHANNEL 1
| #define FEAT_TERMINAL 1
| #define FEAT_AUTOSERVERNAME 1
| #define HAVE_X11_SM_SMLIB_H 1
| #define PROC_EXE_LINK "/proc/self/exe"
| #define HAVE_DATE_TIME 1
| #define HAVE_ATTRIBUTE_UNUSED 1
| #define HAVE_LIBELF 1
| #define HAVE_DIRENT_H 1
| #define HAVE_STDINT_H 1
| #define HAVE_STDLIB_H 1
| #define HAVE_STRING_H 1
| #define HAVE_SYS_SELECT_H 1
| #define HAVE_SYS_UTSNAME_H 1
| #define HAVE_TERMCAP_H 1
| #define HAVE_FCNTL_H 1
| #define HAVE_SGTTY_H 1
| #define HAVE_SYS_IOCTL_H 1
| #define HAVE_SYS_TIME_H 1
| #define HAVE_SYS_TYPES_H 1
| #define HAVE_TERMIO_H 1
| #define HAVE_ICONV_H 1
| #define HAVE_INTTYPES_H 1
| #define HAVE_LANGINFO_H 1
| #define HAVE_MATH_H 1
| #define HAVE_UNISTD_H 1
| #define HAVE_STROPTS_H 1
| #define HAVE_ERRNO_H 1
| #define HAVE_SYS_RESOURCE_H 1
| #define HAVE_LOCALE_H 1
| #define HAVE_TERMIOS_H 1
| #define HAVE_SYS_STATFS_H 1
| #define HAVE_POLL_H 1
| #define HAVE_SYS_POLL_H 1
| #define HAVE_PWD_H 1
| #define HAVE_UTIME_H 1
| #define HAVE_SYS_PARAM_H 1
| #define HAVE_LIBINTL_H 1
| #define HAVE_LIBGEN_H 1
| #define HAVE_SYS_SYSINFO_H 1
| #define HAVE_WCHAR_H 1
| #define HAVE_WCTYPE_H 1
| #define HAVE_SYS_SYSCTL_H 1
| #define HAVE_STRINGS_H 1
| #define TIME_WITH_SYS_TIME 1
| #define HAVE_LIBTINFO 1
| #define TERMINFO 1
| #define TGETENT_ZERO_ERR 0
| #define HAVE_OSPEED 1
| #define HAVE_UP_BC_PC 1
| #define SYS_SELECT_WITH_SYS_TIME 1
| #define HAVE_SVR4_PTYS 1
| #define RETSIGTYPE void
| #define SIGRETURN return
| #define HAVE_SIGCONTEXT 1
| #define HAVE_FCHDIR 1
| #define HAVE_FCHOWN 1
| #define HAVE_FCHMOD 1
| #define HAVE_FSYNC 1
| #define HAVE_GETCWD 1
| #define HAVE_GETPWENT 1
| #define HAVE_GETPWNAM 1
| #define HAVE_GETPWUID 1
| #define HAVE_GETRLIMIT 1
| #define HAVE_GETTIMEOFDAY 1
| #define HAVE_GETWD 1
| #define HAVE_LSTAT 1
| #define HAVE_MEMSET 1
| #define HAVE_MKDTEMP 1
| #define HAVE_NANOSLEEP 1
| #define HAVE_OPENDIR 1
| #define HAVE_PUTENV 1
| #define HAVE_QSORT 1
| #define HAVE_READLINK 1
| #define HAVE_SELECT 1
| #define HAVE_SETENV 1
| #define HAVE_GETPGID 1
| #define HAVE_SETPGID 1
| #define HAVE_SETSID 1
| #define HAVE_SIGALTSTACK 1
| #define HAVE_SIGSTACK 1
| #define HAVE_SIGSET 1
| #define HAVE_SIGACTION 1
| #define HAVE_SIGPROCMASK 1
| #define HAVE_STRCASECMP 1
| #define HAVE_STRERROR 1
| #define HAVE_STRFTIME 1
| #define HAVE_STRNCASECMP 1
| #define HAVE_STRPBRK 1
| #define HAVE_STRTOL 1
| #define HAVE_TGETENT 1
| #define HAVE_TOWLOWER 1
| #define HAVE_TOWUPPER 1
| #define HAVE_ISWUPPER 1
| #define HAVE_USLEEP 1
| #define HAVE_UTIME 1
| #define HAVE_UTIMES 1
| #define HAVE_MBLEN 1
| #define HAVE_FTRUNCATE 1
| #define HAVE_UNSETENV 1
| #define HAVE_FSEEKO 1
| #define HAVE_ST_BLKSIZE 1
| #define HAVE_ICONV 1
| #define HAVE_NL_LANGINFO_CODESET 1
| #define HAVE_LIBM 1
| #define HAVE_FLOAT_FUNCS 1
| #define HAVE_ISINF 1
| #define HAVE_ISNAN 1
| /* end confdefs.h.  */
| 
| #include <sys/types.h>
| #ifdef HAVE_SYS_ACL_H
| # include <sys/acl.h>
| #endif
| acl_t acl;
| int
| main ()
| {
| acl = acl_get_file("foo", ACL_TYPE_ACCESS);
| 	acl_set_file("foo", ACL_TYPE_ACCESS, acl);
| 	acl_free(acl);
|   ;
|   return 0;
| }
configure:13363: result: no
configure:13369: checking for acl_get in -lsec
configure:13403: result: no
configure:13409: checking for Solaris ACL support
configure:13426: gcc -o conftest -Wall -O3 -m64 -march=core2 -mtune=core2 -mmmx -msse -msse2 -mssse3 -msse4.1 -fomit-frame-pointer -fbranch-probabilities -pipe   -L/usr/local/lib conftest.c -lm -ltinfo -lelf -lnsl  -lselinux  >&5
conftest.c: In function 'main':
conftest.c:135:1: warning: implicit declaration of function 'acl' [-Wimplicit-function-declaration]
 acl("foo", GETACLCNT, 0, NULL);
 ^~~
conftest.c:135:12: error: 'GETACLCNT' undeclared (first use in this function)
 acl("foo", GETACLCNT, 0, NULL);
            ^~~~~~~~~
conftest.c:135:12: note: each undeclared identifier is reported only once for each function it appears in
conftest.c:135:26: error: 'NULL' undeclared (first use in this function)
 acl("foo", GETACLCNT, 0, NULL);
                          ^~~~
configure:13426: $? = 1
configure: failed program was:
| /* confdefs.h */
| #define PACKAGE_NAME ""
| #define PACKAGE_TARNAME ""
| #define PACKAGE_VERSION ""
| #define PACKAGE_STRING ""
| #define PACKAGE_BUGREPORT ""
| #define PACKAGE_URL ""
| #define UNIX 1
| #define STDC_HEADERS 1
| #define HAVE_SYS_WAIT_H 1
| #define HAVE_UNSIGNED_LONG_LONG_INT 1
| #define HAVE_LONG_LONG_INT 1
| #define HAVE_SELINUX 1
| #define FEAT_HUGE 1
| #define USE_XSMP_INTERACT 1
| #define FEAT_PYTHON 1
| #define HAVE_LIBNSL 1
| #define FEAT_NETBEANS_INTG 1
| #define FEAT_JOB_CHANNEL 1
| #define FEAT_TERMINAL 1
| #define FEAT_AUTOSERVERNAME 1
| #define HAVE_X11_SM_SMLIB_H 1
| #define PROC_EXE_LINK "/proc/self/exe"
| #define HAVE_DATE_TIME 1
| #define HAVE_ATTRIBUTE_UNUSED 1
| #define HAVE_LIBELF 1
| #define HAVE_DIRENT_H 1
| #define HAVE_STDINT_H 1
| #define HAVE_STDLIB_H 1
| #define HAVE_STRING_H 1
| #define HAVE_SYS_SELECT_H 1
| #define HAVE_SYS_UTSNAME_H 1
| #define HAVE_TERMCAP_H 1
| #define HAVE_FCNTL_H 1
| #define HAVE_SGTTY_H 1
| #define HAVE_SYS_IOCTL_H 1
| #define HAVE_SYS_TIME_H 1
| #define HAVE_SYS_TYPES_H 1
| #define HAVE_TERMIO_H 1
| #define HAVE_ICONV_H 1
| #define HAVE_INTTYPES_H 1
| #define HAVE_LANGINFO_H 1
| #define HAVE_MATH_H 1
| #define HAVE_UNISTD_H 1
| #define HAVE_STROPTS_H 1
| #define HAVE_ERRNO_H 1
| #define HAVE_SYS_RESOURCE_H 1
| #define HAVE_LOCALE_H 1
| #define HAVE_TERMIOS_H 1
| #define HAVE_SYS_STATFS_H 1
| #define HAVE_POLL_H 1
| #define HAVE_SYS_POLL_H 1
| #define HAVE_PWD_H 1
| #define HAVE_UTIME_H 1
| #define HAVE_SYS_PARAM_H 1
| #define HAVE_LIBINTL_H 1
| #define HAVE_LIBGEN_H 1
| #define HAVE_SYS_SYSINFO_H 1
| #define HAVE_WCHAR_H 1
| #define HAVE_WCTYPE_H 1
| #define HAVE_SYS_SYSCTL_H 1
| #define HAVE_STRINGS_H 1
| #define TIME_WITH_SYS_TIME 1
| #define HAVE_LIBTINFO 1
| #define TERMINFO 1
| #define TGETENT_ZERO_ERR 0
| #define HAVE_OSPEED 1
| #define HAVE_UP_BC_PC 1
| #define SYS_SELECT_WITH_SYS_TIME 1
| #define HAVE_SVR4_PTYS 1
| #define RETSIGTYPE void
| #define SIGRETURN return
| #define HAVE_SIGCONTEXT 1
| #define HAVE_FCHDIR 1
| #define HAVE_FCHOWN 1
| #define HAVE_FCHMOD 1
| #define HAVE_FSYNC 1
| #define HAVE_GETCWD 1
| #define HAVE_GETPWENT 1
| #define HAVE_GETPWNAM 1
| #define HAVE_GETPWUID 1
| #define HAVE_GETRLIMIT 1
| #define HAVE_GETTIMEOFDAY 1
| #define HAVE_GETWD 1
| #define HAVE_LSTAT 1
| #define HAVE_MEMSET 1
| #define HAVE_MKDTEMP 1
| #define HAVE_NANOSLEEP 1
| #define HAVE_OPENDIR 1
| #define HAVE_PUTENV 1
| #define HAVE_QSORT 1
| #define HAVE_READLINK 1
| #define HAVE_SELECT 1
| #define HAVE_SETENV 1
| #define HAVE_GETPGID 1
| #define HAVE_SETPGID 1
| #define HAVE_SETSID 1
| #define HAVE_SIGALTSTACK 1
| #define HAVE_SIGSTACK 1
| #define HAVE_SIGSET 1
| #define HAVE_SIGACTION 1
| #define HAVE_SIGPROCMASK 1
| #define HAVE_STRCASECMP 1
| #define HAVE_STRERROR 1
| #define HAVE_STRFTIME 1
| #define HAVE_STRNCASECMP 1
| #define HAVE_STRPBRK 1
| #define HAVE_STRTOL 1
| #define HAVE_TGETENT 1
| #define HAVE_TOWLOWER 1
| #define HAVE_TOWUPPER 1
| #define HAVE_ISWUPPER 1
| #define HAVE_USLEEP 1
| #define HAVE_UTIME 1
| #define HAVE_UTIMES 1
| #define HAVE_MBLEN 1
| #define HAVE_FTRUNCATE 1
| #define HAVE_UNSETENV 1
| #define HAVE_FSEEKO 1
| #define HAVE_ST_BLKSIZE 1
| #define HAVE_ICONV 1
| #define HAVE_NL_LANGINFO_CODESET 1
| #define HAVE_LIBM 1
| #define HAVE_FLOAT_FUNCS 1
| #define HAVE_ISINF 1
| #define HAVE_ISNAN 1
| /* end confdefs.h.  */
| 
| #ifdef HAVE_SYS_ACL_H
| # include <sys/acl.h>
| #endif
| int
| main ()
| {
| acl("foo", GETACLCNT, 0, NULL);
| 
|   ;
|   return 0;
| }
configure:13431: result: no
configure:13439: checking for AIX ACL support
configure:13471: gcc -o conftest -Wall -O3 -m64 -march=core2 -mtune=core2 -mmmx -msse -msse2 -mssse3 -msse4.1 -fomit-frame-pointer -fbranch-probabilities -pipe   -L/usr/local/lib conftest.c -lm -ltinfo -lelf -lnsl  -lselinux  >&5
conftest.c: In function 'main':
conftest.c:148:18: error: invalid application of 'sizeof' to incomplete type 'struct acl'
 aclsize = sizeof(struct acl);
                  ^~~~~~
conftest.c:150:2: warning: implicit declaration of function 'statacl' [-Wimplicit-function-declaration]
  statacl("foo", STX_NORMAL, aclent, aclsize);
  ^~~~~~~
conftest.c:150:17: error: 'STX_NORMAL' undeclared (first use in this function)
  statacl("foo", STX_NORMAL, aclent, aclsize);
                 ^~~~~~~~~~
conftest.c:150:17: note: each undeclared identifier is reported only once for each function it appears in
configure:13471: $? = 1
configure: failed program was:
| /* confdefs.h */
| #define PACKAGE_NAME ""
| #define PACKAGE_TARNAME ""
| #define PACKAGE_VERSION ""
| #define PACKAGE_STRING ""
| #define PACKAGE_BUGREPORT ""
| #define PACKAGE_URL ""
| #define UNIX 1
| #define STDC_HEADERS 1
| #define HAVE_SYS_WAIT_H 1
| #define HAVE_UNSIGNED_LONG_LONG_INT 1
| #define HAVE_LONG_LONG_INT 1
| #define HAVE_SELINUX 1
| #define FEAT_HUGE 1
| #define USE_XSMP_INTERACT 1
| #define FEAT_PYTHON 1
| #define HAVE_LIBNSL 1
| #define FEAT_NETBEANS_INTG 1
| #define FEAT_JOB_CHANNEL 1
| #define FEAT_TERMINAL 1
| #define FEAT_AUTOSERVERNAME 1
| #define HAVE_X11_SM_SMLIB_H 1
| #define PROC_EXE_LINK "/proc/self/exe"
| #define HAVE_DATE_TIME 1
| #define HAVE_ATTRIBUTE_UNUSED 1
| #define HAVE_LIBELF 1
| #define HAVE_DIRENT_H 1
| #define HAVE_STDINT_H 1
| #define HAVE_STDLIB_H 1
| #define HAVE_STRING_H 1
| #define HAVE_SYS_SELECT_H 1
| #define HAVE_SYS_UTSNAME_H 1
| #define HAVE_TERMCAP_H 1
| #define HAVE_FCNTL_H 1
| #define HAVE_SGTTY_H 1
| #define HAVE_SYS_IOCTL_H 1
| #define HAVE_SYS_TIME_H 1
| #define HAVE_SYS_TYPES_H 1
| #define HAVE_TERMIO_H 1
| #define HAVE_ICONV_H 1
| #define HAVE_INTTYPES_H 1
| #define HAVE_LANGINFO_H 1
| #define HAVE_MATH_H 1
| #define HAVE_UNISTD_H 1
| #define HAVE_STROPTS_H 1
| #define HAVE_ERRNO_H 1
| #define HAVE_SYS_RESOURCE_H 1
| #define HAVE_LOCALE_H 1
| #define HAVE_TERMIOS_H 1
| #define HAVE_SYS_STATFS_H 1
| #define HAVE_POLL_H 1
| #define HAVE_SYS_POLL_H 1
| #define HAVE_PWD_H 1
| #define HAVE_UTIME_H 1
| #define HAVE_SYS_PARAM_H 1
| #define HAVE_LIBINTL_H 1
| #define HAVE_LIBGEN_H 1
| #define HAVE_SYS_SYSINFO_H 1
| #define HAVE_WCHAR_H 1
| #define HAVE_WCTYPE_H 1
| #define HAVE_SYS_SYSCTL_H 1
| #define HAVE_STRINGS_H 1
| #define TIME_WITH_SYS_TIME 1
| #define HAVE_LIBTINFO 1
| #define TERMINFO 1
| #define TGETENT_ZERO_ERR 0
| #define HAVE_OSPEED 1
| #define HAVE_UP_BC_PC 1
| #define SYS_SELECT_WITH_SYS_TIME 1
| #define HAVE_SVR4_PTYS 1
| #define RETSIGTYPE void
| #define SIGRETURN return
| #define HAVE_SIGCONTEXT 1
| #define HAVE_FCHDIR 1
| #define HAVE_FCHOWN 1
| #define HAVE_FCHMOD 1
| #define HAVE_FSYNC 1
| #define HAVE_GETCWD 1
| #define HAVE_GETPWENT 1
| #define HAVE_GETPWNAM 1
| #define HAVE_GETPWUID 1
| #define HAVE_GETRLIMIT 1
| #define HAVE_GETTIMEOFDAY 1
| #define HAVE_GETWD 1
| #define HAVE_LSTAT 1
| #define HAVE_MEMSET 1
| #define HAVE_MKDTEMP 1
| #define HAVE_NANOSLEEP 1
| #define HAVE_OPENDIR 1
| #define HAVE_PUTENV 1
| #define HAVE_QSORT 1
| #define HAVE_READLINK 1
| #define HAVE_SELECT 1
| #define HAVE_SETENV 1
| #define HAVE_GETPGID 1
| #define HAVE_SETPGID 1
| #define HAVE_SETSID 1
| #define HAVE_SIGALTSTACK 1
| #define HAVE_SIGSTACK 1
| #define HAVE_SIGSET 1
| #define HAVE_SIGACTION 1
| #define HAVE_SIGPROCMASK 1
| #define HAVE_STRCASECMP 1
| #define HAVE_STRERROR 1
| #define HAVE_STRFTIME 1
| #define HAVE_STRNCASECMP 1
| #define HAVE_STRPBRK 1
| #define HAVE_STRTOL 1
| #define HAVE_TGETENT 1
| #define HAVE_TOWLOWER 1
| #define HAVE_TOWUPPER 1
| #define HAVE_ISWUPPER 1
| #define HAVE_USLEEP 1
| #define HAVE_UTIME 1
| #define HAVE_UTIMES 1
| #define HAVE_MBLEN 1
| #define HAVE_FTRUNCATE 1
| #define HAVE_UNSETENV 1
| #define HAVE_FSEEKO 1
| #define HAVE_ST_BLKSIZE 1
| #define HAVE_ICONV 1
| #define HAVE_NL_LANGINFO_CODESET 1
| #define HAVE_LIBM 1
| #define HAVE_FLOAT_FUNCS 1
| #define HAVE_ISINF 1
| #define HAVE_ISNAN 1
| /* end confdefs.h.  */
| 
| #if STDC_HEADERS
| # include <stdlib.h>
| # include <stddef.h>
| #endif
| #ifdef HAVE_SYS_ACL_H
| # include <sys/acl.h>
| #endif
| #ifdef HAVE_SYS_ACCESS_H
| # include <sys/access.h>
| #endif
| #define _ALL_SOURCE
| 
| #include <sys/stat.h>
| 
| int aclsize;
| struct acl *aclent;
| int
| main ()
| {
| aclsize = sizeof(struct acl);
| 	aclent = (void *)malloc(aclsize);
| 	statacl("foo", STX_NORMAL, aclent, aclsize);
| 
|   ;
|   return 0;
| }
configure:13476: result: no
configure:13518: checking --disable-gpm argument
configure:13529: result: no
configure:13531: checking for gpm
configure:13559: result: no
configure:13571: checking --disable-sysmouse argument
configure:13582: result: no
configure:13584: checking for sysmouse
configure:13615: result: no
configure:13626: checking for FD_CLOEXEC
configure:13641: gcc -c -Wall -O3 -m64 -march=core2 -mtune=core2 -mmmx -msse -msse2 -mssse3 -msse4.1 -fomit-frame-pointer -fbranch-probabilities -pipe  conftest.c >&5
conftest.c: In function 'main':
conftest.c:134:6: warning: unused variable 'flag' [-Wunused-variable]
  int flag = FD_CLOEXEC;
      ^~~~
configure:13641: $? = 0
configure:13642: result: yes
configure:13651: checking for rename
configure:13664: gcc -o conftest -Wall -O3 -m64 -march=core2 -mtune=core2 -mmmx -msse -msse2 -mssse3 -msse4.1 -fomit-frame-pointer -fbranch-probabilities -pipe   -L/usr/local/lib conftest.c -lm -ltinfo -lelf -lnsl  -lselinux  >&5
configure:13664: $? = 0
configure:13665: result: yes
configure:13675: checking for sysctl
configure:13696: gcc -c -Wall -O3 -m64 -march=core2 -mtune=core2 -mmmx -msse -msse2 -mssse3 -msse4.1 -fomit-frame-pointer -fbranch-probabilities -pipe  conftest.c >&5
conftest.c: In function 'main':
conftest.c:138:11: error: 'CTL_HW' undeclared (first use in this function)
  mib[0] = CTL_HW;
           ^~~~~~
conftest.c:138:11: note: each undeclared identifier is reported only once for each function it appears in
conftest.c:139:11: error: 'HW_USERMEM' undeclared (first use in this function)
  mib[1] = HW_USERMEM;
           ^~~~~~~~~~
configure:13696: $? = 1
configure: failed program was:
| /* confdefs.h */
| #define PACKAGE_NAME ""
| #define PACKAGE_TARNAME ""
| #define PACKAGE_VERSION ""
| #define PACKAGE_STRING ""
| #define PACKAGE_BUGREPORT ""
| #define PACKAGE_URL ""
| #define UNIX 1
| #define STDC_HEADERS 1
| #define HAVE_SYS_WAIT_H 1
| #define HAVE_UNSIGNED_LONG_LONG_INT 1
| #define HAVE_LONG_LONG_INT 1
| #define HAVE_SELINUX 1
| #define FEAT_HUGE 1
| #define USE_XSMP_INTERACT 1
| #define FEAT_PYTHON 1
| #define HAVE_LIBNSL 1
| #define FEAT_NETBEANS_INTG 1
| #define FEAT_JOB_CHANNEL 1
| #define FEAT_TERMINAL 1
| #define FEAT_AUTOSERVERNAME 1
| #define HAVE_X11_SM_SMLIB_H 1
| #define PROC_EXE_LINK "/proc/self/exe"
| #define HAVE_DATE_TIME 1
| #define HAVE_ATTRIBUTE_UNUSED 1
| #define HAVE_LIBELF 1
| #define HAVE_DIRENT_H 1
| #define HAVE_STDINT_H 1
| #define HAVE_STDLIB_H 1
| #define HAVE_STRING_H 1
| #define HAVE_SYS_SELECT_H 1
| #define HAVE_SYS_UTSNAME_H 1
| #define HAVE_TERMCAP_H 1
| #define HAVE_FCNTL_H 1
| #define HAVE_SGTTY_H 1
| #define HAVE_SYS_IOCTL_H 1
| #define HAVE_SYS_TIME_H 1
| #define HAVE_SYS_TYPES_H 1
| #define HAVE_TERMIO_H 1
| #define HAVE_ICONV_H 1
| #define HAVE_INTTYPES_H 1
| #define HAVE_LANGINFO_H 1
| #define HAVE_MATH_H 1
| #define HAVE_UNISTD_H 1
| #define HAVE_STROPTS_H 1
| #define HAVE_ERRNO_H 1
| #define HAVE_SYS_RESOURCE_H 1
| #define HAVE_LOCALE_H 1
| #define HAVE_TERMIOS_H 1
| #define HAVE_SYS_STATFS_H 1
| #define HAVE_POLL_H 1
| #define HAVE_SYS_POLL_H 1
| #define HAVE_PWD_H 1
| #define HAVE_UTIME_H 1
| #define HAVE_SYS_PARAM_H 1
| #define HAVE_LIBINTL_H 1
| #define HAVE_LIBGEN_H 1
| #define HAVE_SYS_SYSINFO_H 1
| #define HAVE_WCHAR_H 1
| #define HAVE_WCTYPE_H 1
| #define HAVE_SYS_SYSCTL_H 1
| #define HAVE_STRINGS_H 1
| #define TIME_WITH_SYS_TIME 1
| #define HAVE_LIBTINFO 1
| #define TERMINFO 1
| #define TGETENT_ZERO_ERR 0
| #define HAVE_OSPEED 1
| #define HAVE_UP_BC_PC 1
| #define SYS_SELECT_WITH_SYS_TIME 1
| #define HAVE_SVR4_PTYS 1
| #define RETSIGTYPE void
| #define SIGRETURN return
| #define HAVE_SIGCONTEXT 1
| #define HAVE_FCHDIR 1
| #define HAVE_FCHOWN 1
| #define HAVE_FCHMOD 1
| #define HAVE_FSYNC 1
| #define HAVE_GETCWD 1
| #define HAVE_GETPWENT 1
| #define HAVE_GETPWNAM 1
| #define HAVE_GETPWUID 1
| #define HAVE_GETRLIMIT 1
| #define HAVE_GETTIMEOFDAY 1
| #define HAVE_GETWD 1
| #define HAVE_LSTAT 1
| #define HAVE_MEMSET 1
| #define HAVE_MKDTEMP 1
| #define HAVE_NANOSLEEP 1
| #define HAVE_OPENDIR 1
| #define HAVE_PUTENV 1
| #define HAVE_QSORT 1
| #define HAVE_READLINK 1
| #define HAVE_SELECT 1
| #define HAVE_SETENV 1
| #define HAVE_GETPGID 1
| #define HAVE_SETPGID 1
| #define HAVE_SETSID 1
| #define HAVE_SIGALTSTACK 1
| #define HAVE_SIGSTACK 1
| #define HAVE_SIGSET 1
| #define HAVE_SIGACTION 1
| #define HAVE_SIGPROCMASK 1
| #define HAVE_STRCASECMP 1
| #define HAVE_STRERROR 1
| #define HAVE_STRFTIME 1
| #define HAVE_STRNCASECMP 1
| #define HAVE_STRPBRK 1
| #define HAVE_STRTOL 1
| #define HAVE_TGETENT 1
| #define HAVE_TOWLOWER 1
| #define HAVE_TOWUPPER 1
| #define HAVE_ISWUPPER 1
| #define HAVE_USLEEP 1
| #define HAVE_UTIME 1
| #define HAVE_UTIMES 1
| #define HAVE_MBLEN 1
| #define HAVE_FTRUNCATE 1
| #define HAVE_UNSETENV 1
| #define HAVE_FSEEKO 1
| #define HAVE_ST_BLKSIZE 1
| #define HAVE_ICONV 1
| #define HAVE_NL_LANGINFO_CODESET 1
| #define HAVE_LIBM 1
| #define HAVE_FLOAT_FUNCS 1
| #define HAVE_ISINF 1
| #define HAVE_ISNAN 1
| #define HAVE_FD_CLOEXEC 1
| #define HAVE_RENAME 1
| /* end confdefs.h.  */
| #include <sys/types.h>
| #include <sys/sysctl.h>
| int
| main ()
| {
| 	int mib[2], r;
| 	size_t len;
| 
| 	mib[0] = CTL_HW;
| 	mib[1] = HW_USERMEM;
| 	len = sizeof(r);
| 	(void)sysctl(mib, 2, &r, &len, (void *)0, (size_t)0);
| 
|   ;
|   return 0;
| }
configure:13701: result: not usable
configure:13706: checking for sysinfo
configure:13725: gcc -c -Wall -O3 -m64 -march=core2 -mtune=core2 -mmmx -msse -msse2 -mssse3 -msse4.1 -fomit-frame-pointer -fbranch-probabilities -pipe  conftest.c >&5
conftest.c: In function 'main':
conftest.c:136:6: warning: variable 't' set but not used [-Wunused-but-set-variable]
  int t;
      ^
configure:13725: $? = 0
configure:13726: result: yes
configure:13735: checking for sysinfo.mem_unit
configure:13751: gcc -c -Wall -O3 -m64 -march=core2 -mtune=core2 -mmmx -msse -msse2 -mssse3 -msse4.1 -fomit-frame-pointer -fbranch-probabilities -pipe  conftest.c >&5
conftest.c: In function 'main':
conftest.c:136:17: warning: variable 'sinfo' set but not used [-Wunused-but-set-variable]
  struct sysinfo sinfo;
                 ^~~~~
configure:13751: $? = 0
configure:13752: result: yes
configure:13761: checking for sysconf
configure:13776: gcc -c -Wall -O3 -m64 -march=core2 -mtune=core2 -mmmx -msse -msse2 -mssse3 -msse4.1 -fomit-frame-pointer -fbranch-probabilities -pipe  conftest.c >&5
configure:13776: $? = 0
configure:13777: result: yes
configure:13790: checking size of int
configure:13809: result: 4
configure:13823: checking size of long
configure:13842: result: 8
configure:13856: checking size of time_t
configure:13875: result: 8
configure:13889: checking size of off_t
configure:13908: result: 8
configure:13928: checking uint32_t is 32 bits
configure:13950: gcc -o conftest -Wall -O3 -m64 -march=core2 -mtune=core2 -mmmx -msse -msse2 -mssse3 -msse4.1 -fomit-frame-pointer -fbranch-probabilities -pipe   -L/usr/local/lib conftest.c -lm -ltinfo -lelf -lnsl  -lselinux  >&5
conftest.c:146:1: warning: return type defaults to 'int' [-Wimplicit-int]
 main() {
 ^~~~
conftest.c: In function 'main':
conftest.c:149:69: warning: implicit declaration of function 'exit' [-Wimplicit-function-declaration]
   if (sizeof(uint32_t) != 4 || nr1 != 0xffffffffUL || nr2 + 1 != 0) exit(1);
                                                                     ^~~~
conftest.c:149:69: warning: incompatible implicit declaration of built-in function 'exit'
conftest.c:149:69: note: include '<stdlib.h>' or provide a declaration of 'exit'
conftest.c:150:3: warning: incompatible implicit declaration of built-in function 'exit'
   exit(0);
   ^~~~
conftest.c:150:3: note: include '<stdlib.h>' or provide a declaration of 'exit'
configure:13950: $? = 0
configure:13950: ./conftest
configure:13950: $? = 0
configure:13951: result: ok
configure:13984: checking whether memmove handles overlaps
configure:14014: result: yes
configure:14190: checking for _xpg4_setrunelocale in -lxpg4
configure:14224: result: no
configure:14231: checking how to create tags
auto/configure: line 14234: ctags: command not found
auto/configure: line 14236: exctags: command not found
auto/configure: line 14238: exuberant-ctags: command not found
auto/configure: line 14242: etags: command not found
auto/configure: line 14243: etags: command not found
auto/configure: line 14244: ctags: command not found
auto/configure: line 14245: ctags: command not found
auto/configure: line 14246: ctags: command not found
auto/configure: line 14247: ctags: command not found
auto/configure: line 14248: ctags: command not found
configure:14251: result: ctags
configure:14254: checking how to run man with a section nr
configure:14258: result: man -s
configure:14265: checking --disable-nls argument
configure:14276: result: no
configure:14286: checking for msgfmt
configure:14313: result: msgfmt
configure:14321: checking for NLS
configure:14339: gcc -o conftest -Wall -O3 -m64 -march=core2 -mtune=core2 -mmmx -msse -msse2 -mssse3 -msse4.1 -fomit-frame-pointer -fbranch-probabilities -pipe   -L/usr/local/lib conftest.c  >&5
configure:14339: $? = 0
configure:14340: result: gettext() works
configure:14380: checking for bind_textdomain_codeset
configure:14380: result: yes
configure:14389: checking for _nl_msg_cat_cntr
configure:14403: gcc -o conftest -Wall -O3 -m64 -march=core2 -mtune=core2 -mmmx -msse -msse2 -mssse3 -msse4.1 -fomit-frame-pointer -fbranch-probabilities -pipe   -L/usr/local/lib conftest.c -lm -ltinfo -lelf -lnsl  -lselinux  >&5
configure:14403: $? = 0
configure:14404: result: yes
configure:14423: checking for dlfcn.h
configure:14423: result: yes
configure:14440: checking for dlopen()
configure:14456: gcc -o conftest -Wall -O3 -m64 -march=core2 -mtune=core2 -mmmx -msse -msse2 -mssse3 -msse4.1 -fomit-frame-pointer -fbranch-probabilities -pipe   -L/usr/local/lib conftest.c -lm -ltinfo -lelf -lnsl  -lselinux  >&5
/usr/bin/ld: /tmp/ccQ95xu2.o: undefined reference to symbol 'dlopen@@GLIBC_2.2.5'
//lib/x86_64-linux-gnu/libdl.so.2: error adding symbols: DSO missing from command line
collect2: error: ld returned 1 exit status
configure:14456: $? = 1
configure: failed program was:
| /* confdefs.h */
| #define PACKAGE_NAME ""
| #define PACKAGE_TARNAME ""
| #define PACKAGE_VERSION ""
| #define PACKAGE_STRING ""
| #define PACKAGE_BUGREPORT ""
| #define PACKAGE_URL ""
| #define UNIX 1
| #define STDC_HEADERS 1
| #define HAVE_SYS_WAIT_H 1
| #define HAVE_UNSIGNED_LONG_LONG_INT 1
| #define HAVE_LONG_LONG_INT 1
| #define HAVE_SELINUX 1
| #define FEAT_HUGE 1
| #define USE_XSMP_INTERACT 1
| #define FEAT_PYTHON 1
| #define HAVE_LIBNSL 1
| #define FEAT_NETBEANS_INTG 1
| #define FEAT_JOB_CHANNEL 1
| #define FEAT_TERMINAL 1
| #define FEAT_AUTOSERVERNAME 1
| #define HAVE_X11_SM_SMLIB_H 1
| #define PROC_EXE_LINK "/proc/self/exe"
| #define HAVE_DATE_TIME 1
| #define HAVE_ATTRIBUTE_UNUSED 1
| #define HAVE_LIBELF 1
| #define HAVE_DIRENT_H 1
| #define HAVE_STDINT_H 1
| #define HAVE_STDLIB_H 1
| #define HAVE_STRING_H 1
| #define HAVE_SYS_SELECT_H 1
| #define HAVE_SYS_UTSNAME_H 1
| #define HAVE_TERMCAP_H 1
| #define HAVE_FCNTL_H 1
| #define HAVE_SGTTY_H 1
| #define HAVE_SYS_IOCTL_H 1
| #define HAVE_SYS_TIME_H 1
| #define HAVE_SYS_TYPES_H 1
| #define HAVE_TERMIO_H 1
| #define HAVE_ICONV_H 1
| #define HAVE_INTTYPES_H 1
| #define HAVE_LANGINFO_H 1
| #define HAVE_MATH_H 1
| #define HAVE_UNISTD_H 1
| #define HAVE_STROPTS_H 1
| #define HAVE_ERRNO_H 1
| #define HAVE_SYS_RESOURCE_H 1
| #define HAVE_LOCALE_H 1
| #define HAVE_TERMIOS_H 1
| #define HAVE_SYS_STATFS_H 1
| #define HAVE_POLL_H 1
| #define HAVE_SYS_POLL_H 1
| #define HAVE_PWD_H 1
| #define HAVE_UTIME_H 1
| #define HAVE_SYS_PARAM_H 1
| #define HAVE_LIBINTL_H 1
| #define HAVE_LIBGEN_H 1
| #define HAVE_SYS_SYSINFO_H 1
| #define HAVE_WCHAR_H 1
| #define HAVE_WCTYPE_H 1
| #define HAVE_SYS_SYSCTL_H 1
| #define HAVE_STRINGS_H 1
| #define TIME_WITH_SYS_TIME 1
| #define HAVE_LIBTINFO 1
| #define TERMINFO 1
| #define TGETENT_ZERO_ERR 0
| #define HAVE_OSPEED 1
| #define HAVE_UP_BC_PC 1
| #define SYS_SELECT_WITH_SYS_TIME 1
| #define HAVE_SVR4_PTYS 1
| #define RETSIGTYPE void
| #define SIGRETURN return
| #define HAVE_SIGCONTEXT 1
| #define HAVE_FCHDIR 1
| #define HAVE_FCHOWN 1
| #define HAVE_FCHMOD 1
| #define HAVE_FSYNC 1
| #define HAVE_GETCWD 1
| #define HAVE_GETPWENT 1
| #define HAVE_GETPWNAM 1
| #define HAVE_GETPWUID 1
| #define HAVE_GETRLIMIT 1
| #define HAVE_GETTIMEOFDAY 1
| #define HAVE_GETWD 1
| #define HAVE_LSTAT 1
| #define HAVE_MEMSET 1
| #define HAVE_MKDTEMP 1
| #define HAVE_NANOSLEEP 1
| #define HAVE_OPENDIR 1
| #define HAVE_PUTENV 1
| #define HAVE_QSORT 1
| #define HAVE_READLINK 1
| #define HAVE_SELECT 1
| #define HAVE_SETENV 1
| #define HAVE_GETPGID 1
| #define HAVE_SETPGID 1
| #define HAVE_SETSID 1
| #define HAVE_SIGALTSTACK 1
| #define HAVE_SIGSTACK 1
| #define HAVE_SIGSET 1
| #define HAVE_SIGACTION 1
| #define HAVE_SIGPROCMASK 1
| #define HAVE_STRCASECMP 1
| #define HAVE_STRERROR 1
| #define HAVE_STRFTIME 1
| #define HAVE_STRNCASECMP 1
| #define HAVE_STRPBRK 1
| #define HAVE_STRTOL 1
| #define HAVE_TGETENT 1
| #define HAVE_TOWLOWER 1
| #define HAVE_TOWUPPER 1
| #define HAVE_ISWUPPER 1
| #define HAVE_USLEEP 1
| #define HAVE_UTIME 1
| #define HAVE_UTIMES 1
| #define HAVE_MBLEN 1
| #define HAVE_FTRUNCATE 1
| #define HAVE_UNSETENV 1
| #define HAVE_FSEEKO 1
| #define HAVE_ST_BLKSIZE 1
| #define HAVE_ICONV 1
| #define HAVE_NL_LANGINFO_CODESET 1
| #define HAVE_LIBM 1
| #define HAVE_FLOAT_FUNCS 1
| #define HAVE_ISINF 1
| #define HAVE_ISNAN 1
| #define HAVE_FD_CLOEXEC 1
| #define HAVE_RENAME 1
| #define HAVE_SYSINFO 1
| #define HAVE_SYSINFO_MEM_UNIT 1
| #define HAVE_SYSCONF 1
| #define SIZEOF_INT 4
| #define SIZEOF_LONG 8
| #define SIZEOF_TIME_T 8
| #define SIZEOF_OFF_T 8
| #define VIM_SIZEOF_INT 4
| #define VIM_SIZEOF_LONG 8
| #define USEMEMMOVE 1
| #define USEMAN_S 1
| #define HAVE_GETTEXT 1
| #define HAVE_BIND_TEXTDOMAIN_CODESET 1
| #define HAVE_NL_MSG_CAT_CNTR 1
| #define HAVE_DLFCN_H 1
| /* end confdefs.h.  */
| 
| int
| main ()
| {
| 
| 		extern void* dlopen();
| 		dlopen();
| 
|   ;
|   return 0;
| }
configure:14463: result: no
configure:14465: checking for dlopen() in -ldl
configure:14483: gcc -o conftest -Wall -O3 -m64 -march=core2 -mtune=core2 -mmmx -msse -msse2 -mssse3 -msse4.1 -fomit-frame-pointer -fbranch-probabilities -pipe   -L/usr/local/lib conftest.c -lm -ltinfo -lelf -lnsl  -lselinux  -ldl >&5
configure:14483: $? = 0
configure:14484: result: yes
configure:14499: checking for dlsym()
configure:14515: gcc -o conftest -Wall -O3 -m64 -march=core2 -mtune=core2 -mmmx -msse -msse2 -mssse3 -msse4.1 -fomit-frame-pointer -fbranch-probabilities -pipe   -L/usr/local/lib conftest.c -lm -ltinfo -lelf -lnsl  -lselinux  -ldl >&5
configure:14515: $? = 0
configure:14516: result: yes
configure:14624: checking for setjmp.h
configure:14624: result: yes
configure:14687: checking for GCC 3 or later
configure:14692: result: yes
configure:14698: checking whether we need -D_FORTIFY_SOURCE=1
configure:14702: result: yes
configure:14711: checking whether we need to force -D_FILE_OFFSET_BITS=64
configure:14719: result: no
configure:14723: checking linker --as-needed support
configure:14732: result: yes
configure:14862: creating auto/config.status

## ---------------------- ##
## Running config.status. ##
## ---------------------- ##

This file was extended by config.status, which was
generated by GNU Autoconf 2.69.  Invocation command line was

  CONFIG_FILES    = 
  CONFIG_HEADERS  = 
  CONFIG_LINKS    = 
  CONFIG_COMMANDS = 
  $ auto/config.status 

on Autobahn

config.status:1037: creating auto/config.mk
config.status:1037: creating auto/config.h
config.status:1207: auto/config.h is unchanged

## ---------------- ##
## Cache variables. ##
## ---------------- ##

ac_cv_c_bigendian=no
ac_cv_c_compiler_gnu=yes
ac_cv_c_const=yes
ac_cv_c_inline=inline
ac_cv_c_uint32_t=yes
ac_cv_c_volatile=yes
ac_cv_env_CC_set=
ac_cv_env_CC_value=
ac_cv_env_CFLAGS_set=set
ac_cv_env_CFLAGS_value='-Wall -O3 -m64 -march=core2 -mtune=core2 -mmmx -msse -msse2 -mssse3 -msse4.1 -fomit-frame-pointer -fbranch-probabilities -pipe'
ac_cv_env_CPPFLAGS_set=
ac_cv_env_CPPFLAGS_value=
ac_cv_env_CPP_set=
ac_cv_env_CPP_value=
ac_cv_env_LDFLAGS_set=
ac_cv_env_LDFLAGS_value=
ac_cv_env_LIBS_set=
ac_cv_env_LIBS_value=
ac_cv_env_XMKMF_set=
ac_cv_env_XMKMF_value=
ac_cv_env_build_alias_set=
ac_cv_env_build_alias_value=
ac_cv_env_host_alias_set=
ac_cv_env_host_alias_value=
ac_cv_env_target_alias_set=
ac_cv_env_target_alias_value=
ac_cv_func_bind_textdomain_codeset=yes
ac_cv_func_fchdir=yes
ac_cv_func_fchmod=yes
ac_cv_func_fchown=yes
ac_cv_func_fsync=yes
ac_cv_func_ftruncate=yes
ac_cv_func_getcwd=yes
ac_cv_func_getpgid=yes
ac_cv_func_getpseudotty=no
ac_cv_func_getpwent=yes
ac_cv_func_getpwnam=yes
ac_cv_func_getpwuid=yes
ac_cv_func_getrlimit=yes
ac_cv_func_gettimeofday=yes
ac_cv_func_getwd=yes
ac_cv_func_iswupper=yes
ac_cv_func_lstat=yes
ac_cv_func_mblen=yes
ac_cv_func_memset=yes
ac_cv_func_mkdtemp=yes
ac_cv_func_nanosleep=yes
ac_cv_func_opendir=yes
ac_cv_func_putenv=yes
ac_cv_func_qsort=yes
ac_cv_func_readlink=yes
ac_cv_func_select=yes
ac_cv_func_setenv=yes
ac_cv_func_setpgid=yes
ac_cv_func_setsid=yes
ac_cv_func_sigaction=yes
ac_cv_func_sigaltstack=yes
ac_cv_func_sigprocmask=yes
ac_cv_func_sigset=yes
ac_cv_func_sigsetjmp=no
ac_cv_func_sigstack=yes
ac_cv_func_sigvec=no
ac_cv_func_strcasecmp=yes
ac_cv_func_strerror=yes
ac_cv_func_strftime=yes
ac_cv_func_stricmp=no
ac_cv_func_strncasecmp=yes
ac_cv_func_strnicmp=no
ac_cv_func_strpbrk=yes
ac_cv_func_strtol=yes
ac_cv_func_tgetent=yes
ac_cv_func_towlower=yes
ac_cv_func_towupper=yes
ac_cv_func_unsetenv=yes
ac_cv_func_usleep=yes
ac_cv_func_utime=yes
ac_cv_func_utimes=yes
ac_cv_header_AvailabilityMacros_h=no
ac_cv_header_X11_SM_SMlib_h=yes
ac_cv_header_attr_xattr_h=no
ac_cv_header_dirent_dirent_h=yes
ac_cv_header_dlfcn_h=yes
ac_cv_header_elf_h=yes
ac_cv_header_errno_h=yes
ac_cv_header_fcntl_h=yes
ac_cv_header_frame_h=no
ac_cv_header_iconv_h=yes
ac_cv_header_inttypes_h=yes
ac_cv_header_langinfo_h=yes
ac_cv_header_libc_h=no
ac_cv_header_libgen_h=yes
ac_cv_header_libintl_h=yes
ac_cv_header_linux_xattr_h=yes
ac_cv_header_locale_h=yes
ac_cv_header_math_h=yes
ac_cv_header_poll_h=yes
ac_cv_header_pwd_h=yes
ac_cv_header_selinux_selinux_h=yes
ac_cv_header_setjmp_h=yes
ac_cv_header_sgtty_h=yes
ac_cv_header_stdc=yes
ac_cv_header_stdint_h=yes
ac_cv_header_stdlib_h=yes
ac_cv_header_string_h=yes
ac_cv_header_strings_h=yes
ac_cv_header_stropts_h=yes
ac_cv_header_sys_access_h=no
ac_cv_header_sys_acl_h=no
ac_cv_header_sys_ioctl_h=yes
ac_cv_header_sys_param_h=yes
ac_cv_header_sys_poll_h=yes
ac_cv_header_sys_ptem_h=no
ac_cv_header_sys_resource_h=yes
ac_cv_header_sys_select_h=yes
ac_cv_header_sys_statfs_h=yes
ac_cv_header_sys_stream_h=no
ac_cv_header_sys_sysctl_h=yes
ac_cv_header_sys_sysinfo_h=yes
ac_cv_header_sys_systeminfo_h=no
ac_cv_header_sys_time_h=yes
ac_cv_header_sys_types_h=yes
ac_cv_header_sys_utsname_h=yes
ac_cv_header_sys_wait_h=yes
ac_cv_header_termcap_h=yes
ac_cv_header_termio_h=yes
ac_cv_header_termios_h=yes
ac_cv_header_time=yes
ac_cv_header_unistd_h=yes
ac_cv_header_util_debug_h=no
ac_cv_header_util_msg18n_h=no
ac_cv_header_utime_h=yes
ac_cv_header_wchar_h=yes
ac_cv_header_wctype_h=yes
ac_cv_lib_acl_acl_get_file=no
ac_cv_lib_elf_main=yes
ac_cv_lib_m_strtod=yes
ac_cv_lib_nsl_gethostbyname=yes
ac_cv_lib_posix1e_acl_get_file=no
ac_cv_lib_sec_acl_get=no
ac_cv_lib_selinux_is_selinux_enabled=yes
ac_cv_lib_socket_socket=no
ac_cv_lib_tinfo___tgetent=yes
ac_cv_lib_xpg4__xpg4_setrunelocale=no
ac_cv_objext=o
ac_cv_path_EGREP='/bin/grep -E'
ac_cv_path_FGREP='/bin/grep -F'
ac_cv_path_GREP=/bin/grep
ac_cv_path_vi_cv_path_python=/usr/bin/python2
ac_cv_prog_AWK=gawk
ac_cv_prog_CPP='gcc -E'
ac_cv_prog_MSGFMT=msgfmt
ac_cv_prog_STRIP=strip
ac_cv_prog_ac_ct_CC=gcc
ac_cv_prog_cc_c89=
ac_cv_prog_cc_c99=
ac_cv_prog_cc_g=yes
ac_cv_prog_gcc_traditional=no
ac_cv_prog_make_make_set=yes
ac_cv_search_opendir='none required'
ac_cv_search_strerror='none required'
ac_cv_sizeof_int=4
ac_cv_sizeof_long=8
ac_cv_sizeof_off_t=8
ac_cv_sizeof_time_t=8
ac_cv_sys_file_offset_bits=no
ac_cv_sys_largefile_CC=no
ac_cv_sys_largefile_source=no
ac_cv_type_dev_t=yes
ac_cv_type_ino_t=yes
ac_cv_type_long_long_int=yes
ac_cv_type_mode_t=yes
ac_cv_type_off_t=yes
ac_cv_type_pid_t=yes
ac_cv_type_rlim_t=yes
ac_cv_type_signal=void
ac_cv_type_size_t=yes
ac_cv_type_stack_t=yes
ac_cv_type_uid_t=yes
ac_cv_type_unsigned_long_long_int=yes
cf_cv_ebcdic=no
vi_cv_dll_name_python=libpython2.7.so.1.0
vi_cv_have_gpm=no
vi_cv_have_sysmouse=no
vi_cv_path_python=/usr/bin/python2
vi_cv_path_python_conf=/usr/lib/python2.7/config-x86_64-linux-gnu
vi_cv_path_python_epfx=/usr
vi_cv_path_python_pfx=/usr
vi_cv_path_python_plibs='-L/usr/lib/python2.7/config-x86_64-linux-gnu -lpython2.7 -lpthread -ldl -lutil -lm -Xlinker -export-dynamic -Wl,-O1 -Wl,-Bsymbolic-functions'
vi_cv_path_pythonpath=:/usr/lib/python2.7:/usr/lib/python2.7/plat-x86_64-linux-gnu:/usr/lib/python2.7/lib-tk:/usr/lib/python2.7/lib-old:/usr/lib/python2.7/lib-dynload:/usr/local/lib/python2.7/dist-packages:/usr/lib/python2.7/dist-packages:/usr/lib/python2.7/dist-packages/PILcompat:/usr/lib/python2.7/dist-packages/gst-0.10:/usr/lib/python2.7/dist-packages/gtk-2.0:/usr/lib/pymodules/python2.7
vi_cv_var_python_version=2.7
vim_cv_getcwd_broken=no
vim_cv_memmove_handles_overlap=yes
vim_cv_stat_ignores_slash=no
vim_cv_terminfo=yes
vim_cv_tgetent=zero
vim_cv_toupper_broken=no
vim_cv_tty_group=world

## ----------------- ##
## Output variables. ##
## ----------------- ##

AWK='gawk'
CC='gcc'
CFLAGS='-Wall -O3 -m64 -march=core2 -mtune=core2 -mmmx -msse -msse2 -mssse3 -msse4.1 -fomit-frame-pointer -fbranch-probabilities -pipe -U_FORTIFY_SOURCE -D_FORTIFY_SOURCE=1'
CHANNEL_OBJ='objects/channel.o'
CHANNEL_SRC='channel.c'
CPP='gcc -E'
CPPFLAGS=''
CPP_MM='M'
CROSS_COMPILING=''
DEFS='-DHAVE_CONFIG_H'
DEPEND_CFLAGS_FILTER='| sed '\''s+-I */+-isystem /+g'\'''
ECHO_C=''
ECHO_N='-n'
ECHO_T=''
EGREP='/bin/grep -E'
EXEEXT=''
EXNAME='ex'
FGREP='/bin/grep -F'
GLIB_COMPILE_RESOURCES=''
GNOME_INCLUDEDIR=''
GNOME_LIBDIR=''
GNOME_LIBS=''
GREP='/bin/grep'
GRESOURCE_OBJ=''
GRESOURCE_SRC=''
GTK_CFLAGS=''
GTK_LIBNAME=''
GTK_LIBS=''
GTK_UPDATE_ICON_CACHE=''
GUITYPE='NONE'
GUI_INC_LOC=''
GUI_LIB_LOC=''
GUI_X_LIBS=''
HANGULIN_OBJ=''
HANGULIN_SRC=''
INSTALL_LANGS='install-languages'
INSTALL_TOOL_LANGS='install-tool-languages'
LDFLAGS=' -L/usr/local/lib -Wl,--as-needed'
LIBOBJS=''
LIBS='-lm -ltinfo -lelf -lnsl  -lselinux  -ldl'
LINK_AS_NEEDED='yes'
LTLIBOBJS=''
LUA_CFLAGS=''
LUA_LIBS=''
LUA_OBJ=''
LUA_PRO=''
LUA_SRC=''
MAKEMO='yes'
MOTIF_LIBNAME=''
MSGFMT='msgfmt'
MZSCHEME_CFLAGS=''
MZSCHEME_EXTRA=''
MZSCHEME_LIBS=''
MZSCHEME_MZC=''
MZSCHEME_OBJ=''
MZSCHEME_PRO=''
MZSCHEME_SRC=''
NARROW_PROTO=''
NETBEANS_OBJ='objects/netbeans.o'
NETBEANS_SRC='netbeans.c'
OBJEXT='o'
OS_EXTRA_OBJ=''
OS_EXTRA_SRC=''
PACKAGE_BUGREPORT=''
PACKAGE_NAME=''
PACKAGE_STRING=''
PACKAGE_TARNAME=''
PACKAGE_URL=''
PACKAGE_VERSION=''
PATH_SEPARATOR=':'
PERL_CFLAGS=''
PERL_LIBS=''
PERL_OBJ=''
PERL_PRO=''
PERL_SRC=''
PKG_CONFIG=''
PYTHON3_CFLAGS=''
PYTHON3_LIBS=''
PYTHON3_OBJ=''
PYTHON3_SRC=''
PYTHON_CFLAGS='-I/usr/include/python2.7 -pthread -fPIE'
PYTHON_LIBS='-L/usr/lib/python2.7/config-x86_64-linux-gnu -lpython2.7 -lpthread -ldl -lutil -lm -Xlinker -export-dynamic -Wl,-O1 -Wl,-Bsymbolic-functions'
PYTHON_OBJ='objects/if_python.o'
PYTHON_SRC='if_python.c'
QUOTESED='sed -e '\''s/[\\"]/\\&/g'\'' -e '\''s/\\"/"/'\'' -e '\''s/\\";$$/";/'\'''
RUBY_CFLAGS=''
RUBY_LIBS=''
RUBY_OBJ=''
RUBY_PRO=''
RUBY_SRC=''
SET_MAKE=''
SHELL='/bin/bash'
STRIP='strip'
TAGPRG='ctags'
TCL_CFLAGS=''
TCL_LIBS=''
TCL_OBJ=''
TCL_PRO=''
TCL_SRC=''
TERM_OBJ='objects/term_encoding.o objects/term_keyboard.o objects/term_mouse.o objects/term_parser.o objects/term_pen.o objects/term_screen.o objects/term_state.o objects/term_unicode.o objects/term_vterm.o'
TERM_SRC='libvterm/src/encoding.c libvterm/src/keyboard.c libvterm/src/mouse.c libvterm/src/parser.c libvterm/src/pen.c libvterm/src/screen.c libvterm/src/state.c libvterm/src/unicode.c libvterm/src/vterm.c'
UPDATE_DESKTOP_DATABASE=''
VIEWNAME='view'
VIMNAME='vim'
WORKSHOP_OBJ=''
WORKSHOP_SRC=''
XCODE_SELECT=''
XMKMF=''
X_CFLAGS=''
X_EXTRA_LIBS=''
X_LIB=''
X_LIBS=''
X_PRE_LIBS=''
ac_ct_CC='gcc'
bindir='${exec_prefix}/bin'
build_alias=''
compiledby=''
datadir='${datarootdir}'
datarootdir='${prefix}/share'
docdir='${datarootdir}/doc/${PACKAGE}'
dogvimdiff='installgvimdiff'
dovimdiff='installvimdiff'
dvidir='${docdir}'
exec_prefix='${prefix}'
host_alias=''
htmldir='${docdir}'
includedir='${prefix}/include'
infodir='${datarootdir}/info'
libdir='${exec_prefix}/lib'
libexecdir='${exec_prefix}/libexec'
line_break='"\\012"'
localedir='${datarootdir}/locale'
localstatedir='${prefix}/var'
mandir='${datarootdir}/man'
oldincludedir='/usr/include'
pdfdir='${docdir}'
prefix='/usr/local'
program_transform_name='s,x,x,'
psdir='${docdir}'
runstatedir='${localstatedir}/run'
sbindir='${exec_prefix}/sbin'
sharedstatedir='${prefix}/com'
shrpenv=''
sysconfdir='${prefix}/etc'
target_alias=''
vi_cv_path_lua=''
vi_cv_path_luajit=''
vi_cv_path_mzscheme=''
vi_cv_path_perl=''
vi_cv_path_plain_lua=''
vi_cv_path_python3=''
vi_cv_path_python='/usr/bin/python2'
vi_cv_path_ruby=''
vi_cv_path_tcl=''
vi_cv_perl_xsubpp=''
vi_cv_perllib=''
xmkmfpath=''

## ----------- ##
## confdefs.h. ##
## ----------- ##

/* confdefs.h */
#define PACKAGE_NAME ""
#define PACKAGE_TARNAME ""
#define PACKAGE_VERSION ""
#define PACKAGE_STRING ""
#define PACKAGE_BUGREPORT ""
#define PACKAGE_URL ""
#define UNIX 1
#define STDC_HEADERS 1
#define HAVE_SYS_WAIT_H 1
#define HAVE_UNSIGNED_LONG_LONG_INT 1
#define HAVE_LONG_LONG_INT 1
#define HAVE_SELINUX 1
#define FEAT_HUGE 1
#define USE_XSMP_INTERACT 1
#define FEAT_PYTHON 1
#define HAVE_LIBNSL 1
#define FEAT_NETBEANS_INTG 1
#define FEAT_JOB_CHANNEL 1
#define FEAT_TERMINAL 1
#define FEAT_AUTOSERVERNAME 1
#define HAVE_X11_SM_SMLIB_H 1
#define PROC_EXE_LINK "/proc/self/exe"
#define HAVE_DATE_TIME 1
#define HAVE_ATTRIBUTE_UNUSED 1
#define HAVE_LIBELF 1
#define HAVE_DIRENT_H 1
#define HAVE_STDINT_H 1
#define HAVE_STDLIB_H 1
#define HAVE_STRING_H 1
#define HAVE_SYS_SELECT_H 1
#define HAVE_SYS_UTSNAME_H 1
#define HAVE_TERMCAP_H 1
#define HAVE_FCNTL_H 1
#define HAVE_SGTTY_H 1
#define HAVE_SYS_IOCTL_H 1
#define HAVE_SYS_TIME_H 1
#define HAVE_SYS_TYPES_H 1
#define HAVE_TERMIO_H 1
#define HAVE_ICONV_H 1
#define HAVE_INTTYPES_H 1
#define HAVE_LANGINFO_H 1
#define HAVE_MATH_H 1
#define HAVE_UNISTD_H 1
#define HAVE_STROPTS_H 1
#define HAVE_ERRNO_H 1
#define HAVE_SYS_RESOURCE_H 1
#define HAVE_LOCALE_H 1
#define HAVE_TERMIOS_H 1
#define HAVE_SYS_STATFS_H 1
#define HAVE_POLL_H 1
#define HAVE_SYS_POLL_H 1
#define HAVE_PWD_H 1
#define HAVE_UTIME_H 1
#define HAVE_SYS_PARAM_H 1
#define HAVE_LIBINTL_H 1
#define HAVE_LIBGEN_H 1
#define HAVE_SYS_SYSINFO_H 1
#define HAVE_WCHAR_H 1
#define HAVE_WCTYPE_H 1
#define HAVE_SYS_SYSCTL_H 1
#define HAVE_STRINGS_H 1
#define TIME_WITH_SYS_TIME 1
#define HAVE_LIBTINFO 1
#define TERMINFO 1
#define TGETENT_ZERO_ERR 0
#define HAVE_OSPEED 1
#define HAVE_UP_BC_PC 1
#define SYS_SELECT_WITH_SYS_TIME 1
#define HAVE_SVR4_PTYS 1
#define RETSIGTYPE void
#define SIGRETURN return
#define HAVE_SIGCONTEXT 1
#define HAVE_FCHDIR 1
#define HAVE_FCHOWN 1
#define HAVE_FCHMOD 1
#define HAVE_FSYNC 1
#define HAVE_GETCWD 1
#define HAVE_GETPWENT 1
#define HAVE_GETPWNAM 1
#define HAVE_GETPWUID 1
#define HAVE_GETRLIMIT 1
#define HAVE_GETTIMEOFDAY 1
#define HAVE_GETWD 1
#define HAVE_LSTAT 1
#define HAVE_MEMSET 1
#define HAVE_MKDTEMP 1
#define HAVE_NANOSLEEP 1
#define HAVE_OPENDIR 1
#define HAVE_PUTENV 1
#define HAVE_QSORT 1
#define HAVE_READLINK 1
#define HAVE_SELECT 1
#define HAVE_SETENV 1
#define HAVE_GETPGID 1
#define HAVE_SETPGID 1
#define HAVE_SETSID 1
#define HAVE_SIGALTSTACK 1
#define HAVE_SIGSTACK 1
#define HAVE_SIGSET 1
#define HAVE_SIGACTION 1
#define HAVE_SIGPROCMASK 1
#define HAVE_STRCASECMP 1
#define HAVE_STRERROR 1
#define HAVE_STRFTIME 1
#define HAVE_STRNCASECMP 1
#define HAVE_STRPBRK 1
#define HAVE_STRTOL 1
#define HAVE_TGETENT 1
#define HAVE_TOWLOWER 1
#define HAVE_TOWUPPER 1
#define HAVE_ISWUPPER 1
#define HAVE_USLEEP 1
#define HAVE_UTIME 1
#define HAVE_UTIMES 1
#define HAVE_MBLEN 1
#define HAVE_FTRUNCATE 1
#define HAVE_UNSETENV 1
#define HAVE_FSEEKO 1
#define HAVE_ST_BLKSIZE 1
#define HAVE_ICONV 1
#define HAVE_NL_LANGINFO_CODESET 1
#define HAVE_LIBM 1
#define HAVE_FLOAT_FUNCS 1
#define HAVE_ISINF 1
#define HAVE_ISNAN 1
#define HAVE_FD_CLOEXEC 1
#define HAVE_RENAME 1
#define HAVE_SYSINFO 1
#define HAVE_SYSINFO_MEM_UNIT 1
#define HAVE_SYSCONF 1
#define SIZEOF_INT 4
#define SIZEOF_LONG 8
#define SIZEOF_TIME_T 8
#define SIZEOF_OFF_T 8
#define VIM_SIZEOF_INT 4
#define VIM_SIZEOF_LONG 8
#define USEMEMMOVE 1
#define USEMAN_S 1
#define HAVE_GETTEXT 1
#define HAVE_BIND_TEXTDOMAIN_CODESET 1
#define HAVE_NL_MSG_CAT_CNTR 1
#define HAVE_DLFCN_H 1
#define HAVE_DLOPEN 1
#define HAVE_DLSYM 1
#define HAVE_SETJMP_H 1

configure: exit 0
